{"contracts/ERC20Interface.sol":{"l":{},"path":"/Users/phyrex/Documents/git/portal.network/contracts/contracts/ERC20Interface.sol","s":{},"b":{},"f":{},"fnMap":{},"statementMap":{},"branchMap":{}},"contracts/ERC20Token.sol":{"l":{"20":2,"21":2,"22":2,"23":2,"26":2,"29":2,"34":1,"39":1,"44":1,"49":1,"54":47,"59":0,"64":36,"65":36,"67":36,"69":36,"74":0,"75":0,"76":0,"78":0,"80":0,"85":0,"87":0,"89":0},"path":"/Users/phyrex/Documents/git/portal.network/contracts/contracts/ERC20Token.sol","s":{"1":2,"2":2,"3":2,"4":2,"5":2,"6":2,"7":1,"8":1,"9":1,"10":1,"11":47,"12":0,"13":36,"14":36,"15":36,"16":36,"17":0,"18":0,"19":0,"20":0,"21":0,"22":0,"23":0,"24":0},"b":{},"f":{"1":2,"2":1,"3":1,"4":1,"5":1,"6":47,"7":0,"8":36,"9":0,"10":0},"fnMap":{"1":{"name":null,"line":19,"loc":{"start":{"line":19,"column":4},"end":{"line":19,"column":118}}},"2":{"name":"name","line":33,"loc":{"start":{"line":33,"column":4},"end":{"line":33,"column":46}}},"3":{"name":"symbol","line":38,"loc":{"start":{"line":38,"column":4},"end":{"line":38,"column":48}}},"4":{"name":"decimals","line":43,"loc":{"start":{"line":43,"column":4},"end":{"line":43,"column":49}}},"5":{"name":"totalSupply","line":48,"loc":{"start":{"line":48,"column":4},"end":{"line":48,"column":54}}},"6":{"name":"balanceOf","line":53,"loc":{"start":{"line":53,"column":4},"end":{"line":53,"column":74}}},"7":{"name":"allowance","line":58,"loc":{"start":{"line":58,"column":4},"end":{"line":58,"column":94}}},"8":{"name":"transfer","line":63,"loc":{"start":{"line":63,"column":4},"end":{"line":63,"column":78}}},"9":{"name":"transferFrom","line":73,"loc":{"start":{"line":73,"column":4},"end":{"line":73,"column":97}}},"10":{"name":"approve","line":84,"loc":{"start":{"line":84,"column":4},"end":{"line":84,"column":82}}}},"statementMap":{"1":{"start":{"line":20,"column":8},"end":{"line":20,"column":24}},"2":{"start":{"line":21,"column":8},"end":{"line":21,"column":28}},"3":{"start":{"line":22,"column":8},"end":{"line":22,"column":32}},"4":{"start":{"line":23,"column":8},"end":{"line":23,"column":38}},"5":{"start":{"line":26,"column":8},"end":{"line":26,"column":51}},"6":{"start":{"line":29,"column":8},"end":{"line":29,"column":61}},"7":{"start":{"line":34,"column":8},"end":{"line":34,"column":24}},"8":{"start":{"line":39,"column":8},"end":{"line":39,"column":26}},"9":{"start":{"line":44,"column":8},"end":{"line":44,"column":28}},"10":{"start":{"line":49,"column":8},"end":{"line":49,"column":31}},"11":{"start":{"line":54,"column":8},"end":{"line":54,"column":31}},"12":{"start":{"line":59,"column":8},"end":{"line":59,"column":40}},"13":{"start":{"line":64,"column":8},"end":{"line":64,"column":62}},"14":{"start":{"line":65,"column":8},"end":{"line":65,"column":48}},"15":{"start":{"line":67,"column":8},"end":{"line":67,"column":46}},"16":{"start":{"line":69,"column":8},"end":{"line":69,"column":19}},"17":{"start":{"line":74,"column":8},"end":{"line":74,"column":52}},"18":{"start":{"line":75,"column":8},"end":{"line":75,"column":74}},"19":{"start":{"line":76,"column":8},"end":{"line":76,"column":48}},"20":{"start":{"line":78,"column":8},"end":{"line":78,"column":41}},"21":{"start":{"line":80,"column":8},"end":{"line":80,"column":19}},"22":{"start":{"line":85,"column":8},"end":{"line":85,"column":45}},"23":{"start":{"line":87,"column":8},"end":{"line":87,"column":51}},"24":{"start":{"line":89,"column":8},"end":{"line":89,"column":19}}},"branchMap":{}},"contracts/Math.sol":{"l":{"6":41,"8":41,"10":41,"15":41,"17":41,"22":0,"24":0,"26":0,"31":0},"path":"/Users/phyrex/Documents/git/portal.network/contracts/contracts/Math.sol","s":{"1":41,"2":41,"3":41,"4":41,"5":41,"6":0,"7":0,"8":0,"9":0},"b":{"1":[41,0],"2":[41,0],"3":[0,0]},"f":{"1":41,"2":41,"3":0,"4":0},"fnMap":{"1":{"name":"add","line":5,"loc":{"start":{"line":5,"column":4},"end":{"line":5,"column":68}}},"2":{"name":"sub","line":14,"loc":{"start":{"line":14,"column":4},"end":{"line":14,"column":68}}},"3":{"name":"mul","line":21,"loc":{"start":{"line":21,"column":4},"end":{"line":21,"column":68}}},"4":{"name":"div","line":30,"loc":{"start":{"line":30,"column":4},"end":{"line":30,"column":68}}}},"statementMap":{"1":{"start":{"line":6,"column":8},"end":{"line":6,"column":24}},"2":{"start":{"line":8,"column":8},"end":{"line":8,"column":22}},"3":{"start":{"line":10,"column":8},"end":{"line":10,"column":16}},"4":{"start":{"line":15,"column":8},"end":{"line":15,"column":22}},"5":{"start":{"line":17,"column":8},"end":{"line":17,"column":20}},"6":{"start":{"line":22,"column":8},"end":{"line":22,"column":24}},"7":{"start":{"line":24,"column":8},"end":{"line":24,"column":36}},"8":{"start":{"line":26,"column":8},"end":{"line":26,"column":16}},"9":{"start":{"line":31,"column":8},"end":{"line":31,"column":20}}},"branchMap":{"1":{"line":8,"type":"if","locations":[{"start":{"line":8,"column":8},"end":{"line":8,"column":8}},{"start":{"line":8,"column":8},"end":{"line":8,"column":8}}]},"2":{"line":15,"type":"if","locations":[{"start":{"line":15,"column":8},"end":{"line":15,"column":8}},{"start":{"line":15,"column":8},"end":{"line":15,"column":8}}]},"3":{"line":24,"type":"if","locations":[{"start":{"line":24,"column":8},"end":{"line":24,"column":8}},{"start":{"line":24,"column":8},"end":{"line":24,"column":8}}]}}},"contracts/Owned.sol":{"l":{"15":6,"20":7,"21":7,"26":8,"31":0,"32":0,"33":0,"35":0,"37":0,"39":0,"44":0,"45":0,"48":0,"50":0,"52":0,"57":0,"59":0,"60":0,"62":0,"64":0},"path":"/Users/phyrex/Documents/git/portal.network/contracts/contracts/Owned.sol","s":{"1":6,"2":7,"3":8,"4":0,"5":0,"6":0,"7":0,"8":0,"9":0,"10":0,"11":0,"12":0,"13":0,"14":0,"15":0,"16":0,"17":0,"18":0,"19":0},"b":{"1":[7,0],"2":[0,0],"3":[0,0],"4":[0,0],"5":[0,0],"6":[0,0]},"f":{"1":6,"2":7,"3":8,"4":0,"5":0,"6":0},"fnMap":{"1":{"name":null,"line":13,"loc":{"start":{"line":13,"column":4},"end":{"line":14,"column":5}}},"2":{"name":"onlyOwner","line":19,"loc":{"start":{"line":19,"column":4},"end":{"line":19,"column":22}}},"3":{"name":"isOwner","line":25,"loc":{"start":{"line":25,"column":4},"end":{"line":25,"column":63}}},"4":{"name":"initiateOwnershipTransfer","line":30,"loc":{"start":{"line":30,"column":4},"end":{"line":30,"column":92}}},"5":{"name":"cancelOwnershipTransfer","line":43,"loc":{"start":{"line":43,"column":4},"end":{"line":43,"column":68}}},"6":{"name":"completeOwnershipTransfer","line":56,"loc":{"start":{"line":56,"column":4},"end":{"line":56,"column":60}}}},"statementMap":{"1":{"start":{"line":15,"column":8},"end":{"line":15,"column":25}},"2":{"start":{"line":20,"column":8},"end":{"line":20,"column":43}},"3":{"start":{"line":26,"column":8},"end":{"line":26,"column":34}},"4":{"start":{"line":31,"column":8},"end":{"line":31,"column":44}},"5":{"start":{"line":32,"column":8},"end":{"line":32,"column":47}},"6":{"start":{"line":33,"column":8},"end":{"line":33,"column":39}},"7":{"start":{"line":35,"column":8},"end":{"line":35,"column":37}},"8":{"start":{"line":37,"column":8},"end":{"line":37,"column":54}},"9":{"start":{"line":39,"column":8},"end":{"line":39,"column":19}},"10":{"start":{"line":44,"column":8},"end":{"line":44,"column":1006}},"11":{"start":{"line":45,"column":12},"end":{"line":45,"column":23}},"12":{"start":{"line":48,"column":8},"end":{"line":48,"column":33}},"13":{"start":{"line":50,"column":8},"end":{"line":50,"column":40}},"14":{"start":{"line":52,"column":8},"end":{"line":52,"column":19}},"15":{"start":{"line":57,"column":8},"end":{"line":57,"column":43}},"16":{"start":{"line":59,"column":8},"end":{"line":59,"column":25}},"17":{"start":{"line":60,"column":8},"end":{"line":60,"column":33}},"18":{"start":{"line":62,"column":8},"end":{"line":62,"column":46}},"19":{"start":{"line":64,"column":8},"end":{"line":64,"column":19}}},"branchMap":{"1":{"line":20,"type":"if","locations":[{"start":{"line":20,"column":8},"end":{"line":20,"column":8}},{"start":{"line":20,"column":8},"end":{"line":20,"column":8}}]},"2":{"line":31,"type":"if","locations":[{"start":{"line":31,"column":8},"end":{"line":31,"column":8}},{"start":{"line":31,"column":8},"end":{"line":31,"column":8}}]},"3":{"line":32,"type":"if","locations":[{"start":{"line":32,"column":8},"end":{"line":32,"column":8}},{"start":{"line":32,"column":8},"end":{"line":32,"column":8}}]},"4":{"line":33,"type":"if","locations":[{"start":{"line":33,"column":8},"end":{"line":33,"column":8}},{"start":{"line":33,"column":8},"end":{"line":33,"column":8}}]},"5":{"line":44,"type":"if","locations":[{"start":{"line":44,"column":8},"end":{"line":44,"column":8}},{"start":{"line":44,"column":8},"end":{"line":44,"column":8}}]},"6":{"line":57,"type":"if","locations":[{"start":{"line":57,"column":8},"end":{"line":57,"column":8}},{"start":{"line":57,"column":8},"end":{"line":57,"column":8}}]}}},"contracts/PortalNetworkToken.sol":{"l":{"32":2,"33":2,"34":2,"52":5,"53":5,"63":2,"73":2,"74":0,"76":2,"77":2,"78":2,"88":2,"98":2,"99":0,"101":2,"102":2,"103":2,"122":1,"142":1,"143":1,"145":1,"146":1,"147":1,"149":1,"150":1,"151":1,"152":1,"153":1,"154":1,"155":1,"157":1,"158":1,"159":1,"169":1,"170":1,"171":1,"172":1,"181":1,"182":1,"183":1,"185":1,"187":1,"196":1,"197":1,"198":1,"200":1,"202":1,"211":1,"212":1,"213":1,"215":1,"217":1},"path":"/Users/phyrex/Documents/git/portal.network/contracts/contracts/PortalNetworkToken.sol","s":{"1":2,"2":2,"3":2,"4":5,"5":2,"6":2,"7":0,"8":2,"9":2,"10":2,"11":2,"12":2,"13":0,"14":2,"15":2,"16":2,"17":1,"18":1,"19":1,"20":1,"21":1,"22":1,"23":1,"24":1,"25":1,"26":1,"27":1,"28":1,"29":1,"30":1,"31":1,"32":1,"33":1,"34":1,"35":1,"36":1,"37":1,"38":1,"39":1,"40":1,"41":1,"42":1,"43":1,"44":1,"45":1,"46":1,"47":1,"48":1,"49":1,"50":1,"51":1},"b":{"1":[5,0],"2":[0,2],"3":[0,2],"4":[1,0],"5":[1,0],"6":[1,0],"7":[1,0],"8":[1,0],"9":[1,0],"10":[1,0],"11":[1,0],"12":[1,0]},"f":{"1":2,"2":5,"3":2,"4":2,"5":2,"6":2,"7":1,"8":1,"9":1,"10":1,"11":1,"12":1},"fnMap":{"1":{"name":null,"line":29,"loc":{"start":{"line":29,"column":4},"end":{"line":31,"column":5}}},"2":{"name":"onlyUniversalRegistrar","line":51,"loc":{"start":{"line":51,"column":4},"end":{"line":51,"column":35}}},"3":{"name":"transferToAuctionPool","line":62,"loc":{"start":{"line":62,"column":4},"end":{"line":62,"column":110}}},"4":{"name":"_transferToAuctionPool","line":72,"loc":{"start":{"line":72,"column":4},"end":{"line":72,"column":88}}},"5":{"name":"transferBackToOwner","line":87,"loc":{"start":{"line":87,"column":4},"end":{"line":87,"column":106}}},"6":{"name":"_transferBackToOwner","line":97,"loc":{"start":{"line":97,"column":4},"end":{"line":97,"column":84}}},"7":{"name":"transferWithMetadata","line":115,"loc":{"start":{"line":115,"column":4},"end":{"line":121,"column":54}}},"8":{"name":"_transferWithMetadata","line":134,"loc":{"start":{"line":134,"column":4},"end":{"line":140,"column":31}}},"9":{"name":"metadata","line":168,"loc":{"start":{"line":168,"column":4},"end":{"line":168,"column":102}}},"10":{"name":"upgradePRTAccrue","line":180,"loc":{"start":{"line":180,"column":4},"end":{"line":180,"column":69}}},"11":{"name":"upgradeUniversalRegistrar","line":195,"loc":{"start":{"line":195,"column":4},"end":{"line":195,"column":87}}},"12":{"name":"upgradeAuctionPool","line":210,"loc":{"start":{"line":210,"column":4},"end":{"line":210,"column":73}}}},"statementMap":{"1":{"start":{"line":32,"column":8},"end":{"line":32,"column":37}},"2":{"start":{"line":33,"column":8},"end":{"line":33,"column":55}},"3":{"start":{"line":34,"column":8},"end":{"line":34,"column":41}},"4":{"start":{"line":52,"column":8},"end":{"line":52,"column":97}},"5":{"start":{"line":63,"column":8},"end":{"line":63,"column":52}},"6":{"start":{"line":73,"column":8},"end":{"line":73,"column":2245}},"7":{"start":{"line":74,"column":12},"end":{"line":74,"column":24}},"8":{"start":{"line":76,"column":8},"end":{"line":76,"column":52}},"9":{"start":{"line":77,"column":8},"end":{"line":77,"column":72}},"10":{"start":{"line":78,"column":8},"end":{"line":78,"column":19}},"11":{"start":{"line":88,"column":8},"end":{"line":88,"column":48}},"12":{"start":{"line":98,"column":8},"end":{"line":98,"column":3113}},"13":{"start":{"line":99,"column":12},"end":{"line":99,"column":24}},"14":{"start":{"line":101,"column":8},"end":{"line":101,"column":72}},"15":{"start":{"line":102,"column":8},"end":{"line":102,"column":48}},"16":{"start":{"line":103,"column":8},"end":{"line":103,"column":19}},"17":{"start":{"line":122,"column":8},"end":{"line":122,"column":88}},"18":{"start":{"line":142,"column":8},"end":{"line":142,"column":72}},"19":{"start":{"line":143,"column":8},"end":{"line":143,"column":68}},"20":{"start":{"line":145,"column":8},"end":{"line":145,"column":73}},"21":{"start":{"line":146,"column":8},"end":{"line":146,"column":69}},"22":{"start":{"line":147,"column":8},"end":{"line":147,"column":54}},"23":{"start":{"line":149,"column":8},"end":{"line":149,"column":52}},"24":{"start":{"line":150,"column":8},"end":{"line":150,"column":31}},"25":{"start":{"line":151,"column":8},"end":{"line":151,"column":39}},"26":{"start":{"line":152,"column":8},"end":{"line":152,"column":32}},"27":{"start":{"line":153,"column":8},"end":{"line":153,"column":55}},"28":{"start":{"line":154,"column":8},"end":{"line":154,"column":43}},"29":{"start":{"line":155,"column":8},"end":{"line":155,"column":33}},"30":{"start":{"line":157,"column":8},"end":{"line":157,"column":51}},"31":{"start":{"line":158,"column":8},"end":{"line":158,"column":87}},"32":{"start":{"line":159,"column":8},"end":{"line":159,"column":19}},"33":{"start":{"line":169,"column":8},"end":{"line":169,"column":73}},"34":{"start":{"line":170,"column":8},"end":{"line":170,"column":69}},"35":{"start":{"line":171,"column":8},"end":{"line":171,"column":42}},"36":{"start":{"line":172,"column":8},"end":{"line":172,"column":67}},"37":{"start":{"line":181,"column":8},"end":{"line":181,"column":77}},"38":{"start":{"line":182,"column":8},"end":{"line":182,"column":113}},"39":{"start":{"line":183,"column":8},"end":{"line":183,"column":97}},"40":{"start":{"line":185,"column":8},"end":{"line":185,"column":36}},"41":{"start":{"line":187,"column":8},"end":{"line":187,"column":44}},"42":{"start":{"line":196,"column":8},"end":{"line":196,"column":95}},"43":{"start":{"line":197,"column":8},"end":{"line":197,"column":131}},"44":{"start":{"line":198,"column":8},"end":{"line":198,"column":124}},"45":{"start":{"line":200,"column":8},"end":{"line":200,"column":54}},"46":{"start":{"line":202,"column":8},"end":{"line":202,"column":62}},"47":{"start":{"line":211,"column":8},"end":{"line":211,"column":81}},"48":{"start":{"line":212,"column":8},"end":{"line":212,"column":117}},"49":{"start":{"line":213,"column":8},"end":{"line":213,"column":103}},"50":{"start":{"line":215,"column":8},"end":{"line":215,"column":40}},"51":{"start":{"line":217,"column":8},"end":{"line":217,"column":48}}},"branchMap":{"1":{"line":52,"type":"if","locations":[{"start":{"line":52,"column":8},"end":{"line":52,"column":8}},{"start":{"line":52,"column":8},"end":{"line":52,"column":8}}]},"2":{"line":73,"type":"if","locations":[{"start":{"line":73,"column":8},"end":{"line":73,"column":8}},{"start":{"line":73,"column":8},"end":{"line":73,"column":8}}]},"3":{"line":98,"type":"if","locations":[{"start":{"line":98,"column":8},"end":{"line":98,"column":8}},{"start":{"line":98,"column":8},"end":{"line":98,"column":8}}]},"4":{"line":181,"type":"if","locations":[{"start":{"line":181,"column":8},"end":{"line":181,"column":8}},{"start":{"line":181,"column":8},"end":{"line":181,"column":8}}]},"5":{"line":182,"type":"if","locations":[{"start":{"line":182,"column":8},"end":{"line":182,"column":8}},{"start":{"line":182,"column":8},"end":{"line":182,"column":8}}]},"6":{"line":183,"type":"if","locations":[{"start":{"line":183,"column":8},"end":{"line":183,"column":8}},{"start":{"line":183,"column":8},"end":{"line":183,"column":8}}]},"7":{"line":196,"type":"if","locations":[{"start":{"line":196,"column":8},"end":{"line":196,"column":8}},{"start":{"line":196,"column":8},"end":{"line":196,"column":8}}]},"8":{"line":197,"type":"if","locations":[{"start":{"line":197,"column":8},"end":{"line":197,"column":8}},{"start":{"line":197,"column":8},"end":{"line":197,"column":8}}]},"9":{"line":198,"type":"if","locations":[{"start":{"line":198,"column":8},"end":{"line":198,"column":8}},{"start":{"line":198,"column":8},"end":{"line":198,"column":8}}]},"10":{"line":211,"type":"if","locations":[{"start":{"line":211,"column":8},"end":{"line":211,"column":8}},{"start":{"line":211,"column":8},"end":{"line":211,"column":8}}]},"11":{"line":212,"type":"if","locations":[{"start":{"line":212,"column":8},"end":{"line":212,"column":8}},{"start":{"line":212,"column":8},"end":{"line":212,"column":8}}]},"12":{"line":213,"type":"if","locations":[{"start":{"line":213,"column":8},"end":{"line":213,"column":8}},{"start":{"line":213,"column":8},"end":{"line":213,"column":8}}]}}},"contracts/PortalNetworkTokenConfig.sol":{"l":{},"path":"/Users/phyrex/Documents/git/portal.network/contracts/contracts/PortalNetworkTokenConfig.sol","s":{},"b":{},"f":{},"fnMap":{},"statementMap":{},"branchMap":{}},"contracts/regex/NameRegex.sol":{"l":{"12":0,"13":0,"17":25,"18":1,"20":24,"21":24,"24":0,"28":0,"29":0,"31":0,"32":0,"35":0,"39":128,"40":0,"42":128,"43":128,"46":0,"50":25,"52":25,"53":153,"55":153,"58":25},"path":"/Users/phyrex/Documents/git/portal.network/contracts/contracts/regex/NameRegex.sol","s":{"1":0,"2":0,"3":25,"4":1,"5":24,"6":24,"7":0,"8":0,"9":0,"10":0,"11":0,"12":0,"13":128,"14":0,"15":128,"16":128,"17":0,"18":25,"19":25,"20":153,"21":153,"22":25},"b":{"1":[1,24],"2":[24,0],"3":[0,0],"4":[0,0],"5":[0,128],"6":[128,0]},"f":{"1":0,"2":25,"3":0,"4":128,"5":25},"fnMap":{"1":{"name":"n0","line":11,"loc":{"start":{"line":11,"column":4},"end":{"line":11,"column":62}}},"2":{"name":"n1","line":16,"loc":{"start":{"line":16,"column":4},"end":{"line":16,"column":62}}},"3":{"name":"n2","line":27,"loc":{"start":{"line":27,"column":4},"end":{"line":27,"column":62}}},"4":{"name":"n3","line":38,"loc":{"start":{"line":38,"column":4},"end":{"line":38,"column":62}}},"5":{"name":"nameMatches","line":49,"loc":{"start":{"line":49,"column":4},"end":{"line":49,"column":63}}}},"statementMap":{"1":{"start":{"line":12,"column":8},"end":{"line":12,"column":12}},"2":{"start":{"line":13,"column":8},"end":{"line":13,"column":35}},"3":{"start":{"line":17,"column":8},"end":{"line":17,"column":444}},"4":{"start":{"line":18,"column":12},"end":{"line":18,"column":39}},"5":{"start":{"line":20,"column":8},"end":{"line":20,"column":518}},"6":{"start":{"line":21,"column":12},"end":{"line":21,"column":38}},"7":{"start":{"line":24,"column":8},"end":{"line":24,"column":35}},"8":{"start":{"line":28,"column":8},"end":{"line":28,"column":737}},"9":{"start":{"line":29,"column":12},"end":{"line":29,"column":39}},"10":{"start":{"line":31,"column":8},"end":{"line":31,"column":811}},"11":{"start":{"line":32,"column":12},"end":{"line":32,"column":38}},"12":{"start":{"line":35,"column":8},"end":{"line":35,"column":35}},"13":{"start":{"line":39,"column":8},"end":{"line":39,"column":1030}},"14":{"start":{"line":40,"column":12},"end":{"line":40,"column":39}},"15":{"start":{"line":42,"column":8},"end":{"line":42,"column":1104}},"16":{"start":{"line":43,"column":12},"end":{"line":43,"column":38}},"17":{"start":{"line":46,"column":8},"end":{"line":46,"column":35}},"18":{"start":{"line":50,"column":8},"end":{"line":50,"column":50}},"19":{"start":{"line":52,"column":8},"end":{"line":52,"column":1378}},"20":{"start":{"line":53,"column":12},"end":{"line":53,"column":35}},"21":{"start":{"line":55,"column":12},"end":{"line":55,"column":28}},"22":{"start":{"line":58,"column":8},"end":{"line":58,"column":26}}},"branchMap":{"1":{"line":17,"type":"if","locations":[{"start":{"line":17,"column":8},"end":{"line":17,"column":8}},{"start":{"line":17,"column":8},"end":{"line":17,"column":8}}]},"2":{"line":20,"type":"if","locations":[{"start":{"line":20,"column":8},"end":{"line":20,"column":8}},{"start":{"line":20,"column":8},"end":{"line":20,"column":8}}]},"3":{"line":28,"type":"if","locations":[{"start":{"line":28,"column":8},"end":{"line":28,"column":8}},{"start":{"line":28,"column":8},"end":{"line":28,"column":8}}]},"4":{"line":31,"type":"if","locations":[{"start":{"line":31,"column":8},"end":{"line":31,"column":8}},{"start":{"line":31,"column":8},"end":{"line":31,"column":8}}]},"5":{"line":39,"type":"if","locations":[{"start":{"line":39,"column":8},"end":{"line":39,"column":8}},{"start":{"line":39,"column":8},"end":{"line":39,"column":8}}]},"6":{"line":42,"type":"if","locations":[{"start":{"line":42,"column":8},"end":{"line":42,"column":8}},{"start":{"line":42,"column":8},"end":{"line":42,"column":8}}]}}},"contracts/regex/ProtocolRegex.sol":{"l":{"12":0,"13":0,"17":26,"18":26,"21":0,"25":25,"26":25,"29":0,"33":24,"34":24,"37":0,"41":0,"42":0,"45":0,"49":26,"51":26,"52":75,"54":75,"57":26},"path":"/Users/phyrex/Documents/git/portal.network/contracts/contracts/regex/ProtocolRegex.sol","s":{"1":0,"2":0,"3":26,"4":26,"5":0,"6":25,"7":25,"8":0,"9":24,"10":24,"11":0,"12":0,"13":0,"14":0,"15":26,"16":26,"17":75,"18":75,"19":26},"b":{"1":[26,0],"2":[25,0],"3":[24,0],"4":[0,0]},"f":{"1":0,"2":26,"3":25,"4":24,"5":0,"6":26},"fnMap":{"1":{"name":"p0","line":11,"loc":{"start":{"line":11,"column":4},"end":{"line":11,"column":66}}},"2":{"name":"p1","line":16,"loc":{"start":{"line":16,"column":4},"end":{"line":16,"column":66}}},"3":{"name":"p2","line":24,"loc":{"start":{"line":24,"column":4},"end":{"line":24,"column":66}}},"4":{"name":"p3","line":32,"loc":{"start":{"line":32,"column":4},"end":{"line":32,"column":66}}},"5":{"name":"p4","line":40,"loc":{"start":{"line":40,"column":4},"end":{"line":40,"column":66}}},"6":{"name":"protocolMatches","line":48,"loc":{"start":{"line":48,"column":4},"end":{"line":48,"column":67}}}},"statementMap":{"1":{"start":{"line":12,"column":8},"end":{"line":12,"column":12}},"2":{"start":{"line":13,"column":8},"end":{"line":13,"column":39}},"3":{"start":{"line":17,"column":8},"end":{"line":17,"column":453}},"4":{"start":{"line":18,"column":12},"end":{"line":18,"column":43}},"5":{"start":{"line":21,"column":8},"end":{"line":21,"column":39}},"6":{"start":{"line":25,"column":8},"end":{"line":25,"column":663}},"7":{"start":{"line":26,"column":12},"end":{"line":26,"column":42}},"8":{"start":{"line":29,"column":8},"end":{"line":29,"column":39}},"9":{"start":{"line":33,"column":8},"end":{"line":33,"column":872}},"10":{"start":{"line":34,"column":12},"end":{"line":34,"column":42}},"11":{"start":{"line":37,"column":8},"end":{"line":37,"column":39}},"12":{"start":{"line":41,"column":8},"end":{"line":41,"column":1081}},"13":{"start":{"line":42,"column":12},"end":{"line":42,"column":42}},"14":{"start":{"line":45,"column":8},"end":{"line":45,"column":39}},"15":{"start":{"line":49,"column":8},"end":{"line":49,"column":58}},"16":{"start":{"line":51,"column":8},"end":{"line":51,"column":1353}},"17":{"start":{"line":52,"column":12},"end":{"line":52,"column":35}},"18":{"start":{"line":54,"column":12},"end":{"line":54,"column":28}},"19":{"start":{"line":57,"column":8},"end":{"line":57,"column":26}}},"branchMap":{"1":{"line":17,"type":"if","locations":[{"start":{"line":17,"column":8},"end":{"line":17,"column":8}},{"start":{"line":17,"column":8},"end":{"line":17,"column":8}}]},"2":{"line":25,"type":"if","locations":[{"start":{"line":25,"column":8},"end":{"line":25,"column":8}},{"start":{"line":25,"column":8},"end":{"line":25,"column":8}}]},"3":{"line":33,"type":"if","locations":[{"start":{"line":33,"column":8},"end":{"line":33,"column":8}},{"start":{"line":33,"column":8},"end":{"line":33,"column":8}}]},"4":{"line":41,"type":"if","locations":[{"start":{"line":41,"column":8},"end":{"line":41,"column":8}},{"start":{"line":41,"column":8},"end":{"line":41,"column":8}}]}}},"contracts/Registry.sol":{"l":{},"path":"/Users/phyrex/Documents/git/portal.network/contracts/contracts/Registry.sol","s":{},"b":{},"f":{},"fnMap":{},"statementMap":{},"branchMap":{}},"contracts/strings.sol":{"l":{"47":112,"48":0,"51":0,"52":0,"56":112,"57":112,"70":179,"71":179,"74":179,"83":0,"84":0,"85":0,"86":0,"87":0,"88":0,"90":0,"91":0,"92":0,"94":0,"95":0,"96":0,"98":0,"99":0,"100":0,"102":0,"103":0,"105":0,"117":0,"123":0,"132":0,"141":0,"142":0,"143":0,"145":0,"146":0,"159":67,"160":67,"161":67,"162":333,"163":333,"164":333,"165":333,"167":0,"169":0,"171":0,"173":0,"175":0,"186":0,"199":0,"200":0,"201":0,"203":0,"204":0,"205":0,"206":0,"207":0,"208":0,"212":0,"214":0,"215":0,"216":0,"218":0,"219":0,"220":0,"222":0,"223":0,"225":0,"235":0,"246":0,"248":0,"249":0,"250":0,"253":0,"254":0,"256":0,"257":0,"258":0,"260":0,"262":0,"264":0,"268":0,"269":0,"270":0,"271":0,"272":0,"275":0,"276":0,"277":0,"278":0,"288":0,"297":0,"298":0,"301":0,"302":0,"303":0,"306":0,"307":0,"308":0,"309":0,"310":0,"312":0,"313":0,"315":0,"316":0,"318":0,"319":0,"323":0,"324":0,"327":0,"328":0,"329":0,"330":0,"332":0,"334":0,"337":0,"346":0,"358":0,"359":0,"362":0,"363":0,"366":0,"367":0,"373":0,"384":0,"385":0,"388":0,"389":0,"390":0,"398":0,"399":0,"400":0,"403":0,"413":0,"414":0,"417":0,"419":0,"420":0,"423":0,"424":0,"430":0,"441":0,"442":0,"445":0,"446":0,"447":0,"448":0,"455":0,"456":0,"459":0,"465":0,"466":0,"468":0,"469":0,"470":0,"472":0,"473":0,"475":0,"476":0,"477":0,"479":0,"480":0,"481":0,"482":0,"483":0,"485":0,"488":0,"489":0,"491":0,"492":0,"493":0,"494":0,"495":0,"496":0,"500":0,"506":0,"508":0,"509":0,"510":0,"512":0,"513":0,"515":0,"516":0,"517":0,"519":0,"520":0,"521":0,"522":0,"523":0,"525":0,"528":0,"529":0,"530":0,"531":0,"532":0,"533":0,"534":0,"535":0,"536":0,"540":0,"552":0,"553":0,"554":0,"555":0,"567":0,"568":0,"569":0,"583":0,"584":0,"585":0,"586":0,"588":0,"590":0,"591":0,"593":0,"606":0,"620":0,"621":0,"622":0,"623":0,"625":0,"627":0,"629":0,"642":0,"652":0,"653":0,"654":0,"655":0,"666":0,"677":56,"678":56,"679":56,"680":56,"681":56,"682":56,"694":0,"695":0,"697":0,"698":0,"699":0,"701":0,"702":0,"703":0,"705":0,"706":0,"707":0,"708":0,"709":0,"710":0,"714":0},"path":"/Users/phyrex/Documents/git/portal.network/contracts/contracts/strings.sol","s":{"1":112,"2":0,"3":0,"4":112,"5":179,"6":0,"7":0,"8":0,"9":0,"10":0,"11":0,"12":0,"13":0,"14":0,"15":0,"16":0,"17":0,"18":0,"19":0,"20":0,"21":0,"22":0,"23":0,"24":0,"25":0,"26":0,"27":0,"28":67,"29":67,"30":67,"31":333,"32":333,"33":0,"34":0,"35":0,"36":0,"37":0,"38":0,"39":0,"40":0,"41":0,"42":0,"43":0,"44":0,"45":0,"46":0,"47":0,"48":0,"49":0,"50":0,"51":0,"52":0,"53":0,"54":0,"55":0,"56":0,"57":0,"58":0,"59":0,"60":0,"61":0,"62":0,"63":0,"64":0,"65":0,"66":0,"67":0,"68":0,"69":0,"70":0,"71":0,"72":0,"73":0,"74":0,"75":0,"76":0,"77":0,"78":0,"79":0,"80":0,"81":0,"82":0,"83":0,"84":0,"85":0,"86":0,"87":0,"88":0,"89":0,"90":0,"91":0,"92":0,"93":0,"94":0,"95":0,"96":0,"97":0,"98":0,"99":0,"100":0,"101":0,"102":0,"103":0,"104":0,"105":0,"106":0,"107":0,"108":0,"109":0,"110":0,"111":0,"112":0,"113":0,"114":0,"115":0,"116":0,"117":0,"118":0,"119":0,"120":0,"121":0,"122":0,"123":0,"124":0,"125":0,"126":0,"127":0,"128":0,"129":0,"130":0,"131":0,"132":0,"133":0,"134":0,"135":0,"136":0,"137":0,"138":0,"139":0,"140":0,"141":0,"142":0,"143":0,"144":0,"145":0,"146":0,"147":0,"148":0,"149":0,"150":0,"151":0,"152":0,"153":0,"154":0,"155":0,"156":0,"157":0,"158":0,"159":0,"160":0,"161":0,"162":0,"163":0,"164":0,"165":0,"166":0,"167":0,"168":0,"169":0,"170":0,"171":0,"172":0,"173":0,"174":0,"175":0,"176":0,"177":0,"178":0,"179":0,"180":0,"181":0,"182":0,"183":0,"184":0,"185":0,"186":0,"187":0,"188":56,"189":56,"190":56,"191":56,"192":0,"193":0,"194":0,"195":0,"196":0,"197":0,"198":0,"199":0,"200":0,"201":0,"202":0,"203":0,"204":0},"b":{"1":[0,0],"2":[0,0],"3":[0,0],"4":[0,0],"5":[0,0],"6":[0,0],"7":[333,0],"8":[0,0],"9":[0,0],"10":[0,0],"11":[0,0],"12":[0,0],"13":[0,0],"14":[0,0],"15":[0,0],"16":[0,0],"17":[0,0],"18":[0,0],"19":[0,0],"20":[0,0],"21":[0,0],"22":[0,0],"23":[0,0],"24":[0,0],"25":[0,0],"26":[0,0],"27":[0,0],"28":[0,0],"29":[0,0],"30":[0,0],"31":[0,0],"32":[0,0],"33":[0,0],"34":[0,0],"35":[0,0],"36":[0,0],"37":[0,0],"38":[0,0],"39":[0,0],"40":[0,0],"41":[0,0],"42":[0,0],"43":[0,0],"44":[0,0],"45":[0,0],"46":[0,0],"47":[0,0],"48":[0,0]},"f":{"1":112,"2":179,"3":0,"4":0,"5":0,"6":0,"7":67,"8":0,"9":0,"10":0,"11":0,"12":0,"13":0,"14":0,"15":0,"16":0,"17":0,"18":0,"19":0,"20":0,"21":0,"22":0,"23":0,"24":0,"25":0,"26":0,"27":0,"28":0,"29":56,"30":0},"fnMap":{"1":{"name":"memcpy","line":45,"loc":{"start":{"line":45,"column":4},"end":{"line":45,"column":61}}},"2":{"name":"toSlice","line":69,"loc":{"start":{"line":69,"column":4},"end":{"line":69,"column":75}}},"3":{"name":"len","line":82,"loc":{"start":{"line":82,"column":4},"end":{"line":82,"column":57}}},"4":{"name":"toSliceB32","line":115,"loc":{"start":{"line":115,"column":4},"end":{"line":115,"column":76}}},"5":{"name":"copy","line":131,"loc":{"start":{"line":131,"column":4},"end":{"line":131,"column":71}}},"6":{"name":"toString","line":140,"loc":{"start":{"line":140,"column":4},"end":{"line":140,"column":76}}},"7":{"name":"len","line":157,"loc":{"start":{"line":157,"column":4},"end":{"line":157,"column":64}}},"8":{"name":"empty","line":185,"loc":{"start":{"line":185,"column":4},"end":{"line":185,"column":64}}},"9":{"name":"compare","line":198,"loc":{"start":{"line":198,"column":4},"end":{"line":198,"column":85}}},"10":{"name":"equals","line":234,"loc":{"start":{"line":234,"column":4},"end":{"line":234,"column":85}}},"11":{"name":"nextRune","line":245,"loc":{"start":{"line":245,"column":4},"end":{"line":245,"column":94}}},"12":{"name":"nextRune","line":287,"loc":{"start":{"line":287,"column":4},"end":{"line":287,"column":79}}},"13":{"name":"ord","line":296,"loc":{"start":{"line":296,"column":4},"end":{"line":296,"column":66}}},"14":{"name":"keccak","line":345,"loc":{"start":{"line":345,"column":4},"end":{"line":345,"column":72}}},"15":{"name":"startsWith","line":357,"loc":{"start":{"line":357,"column":4},"end":{"line":357,"column":90}}},"16":{"name":"beyond","line":383,"loc":{"start":{"line":383,"column":4},"end":{"line":383,"column":94}}},"17":{"name":"endsWith","line":412,"loc":{"start":{"line":412,"column":4},"end":{"line":412,"column":88}}},"18":{"name":"until","line":440,"loc":{"start":{"line":440,"column":4},"end":{"line":440,"column":93}}},"19":{"name":"findPtr","line":464,"loc":{"start":{"line":464,"column":4},"end":{"line":464,"column":106}}},"20":{"name":"rfindPtr","line":505,"loc":{"start":{"line":505,"column":4},"end":{"line":505,"column":107}}},"21":{"name":"find","line":551,"loc":{"start":{"line":551,"column":4},"end":{"line":551,"column":92}}},"22":{"name":"rfind","line":566,"loc":{"start":{"line":566,"column":4},"end":{"line":566,"column":93}}},"23":{"name":"split","line":582,"loc":{"start":{"line":582,"column":4},"end":{"line":582,"column":113}}},"24":{"name":"split","line":605,"loc":{"start":{"line":605,"column":4},"end":{"line":605,"column":99}}},"25":{"name":"rsplit","line":619,"loc":{"start":{"line":619,"column":4},"end":{"line":619,"column":114}}},"26":{"name":"rsplit","line":641,"loc":{"start":{"line":641,"column":4},"end":{"line":641,"column":100}}},"27":{"name":"count","line":651,"loc":{"start":{"line":651,"column":4},"end":{"line":651,"column":89}}},"28":{"name":"contains","line":665,"loc":{"start":{"line":665,"column":4},"end":{"line":665,"column":88}}},"29":{"name":"concat","line":676,"loc":{"start":{"line":676,"column":4},"end":{"line":676,"column":94}}},"30":{"name":"join","line":693,"loc":{"start":{"line":693,"column":4},"end":{"line":693,"column":94}}}},"statementMap":{"1":{"start":{"line":47,"column":8},"end":{"line":47,"column":2218}},"2":{"start":{"line":51,"column":12},"end":{"line":51,"column":21}},"3":{"start":{"line":52,"column":12},"end":{"line":52,"column":20}},"4":{"start":{"line":56,"column":8},"end":{"line":56,"column":40}},"5":{"start":{"line":74,"column":8},"end":{"line":74,"column":45}},"6":{"start":{"line":84,"column":8},"end":{"line":84,"column":3348}},"7":{"start":{"line":85,"column":12},"end":{"line":85,"column":20}},"8":{"start":{"line":86,"column":8},"end":{"line":86,"column":3381}},"9":{"start":{"line":87,"column":12},"end":{"line":87,"column":20}},"10":{"start":{"line":88,"column":12},"end":{"line":88,"column":75}},"11":{"start":{"line":90,"column":8},"end":{"line":90,"column":3554}},"12":{"start":{"line":91,"column":12},"end":{"line":91,"column":19}},"13":{"start":{"line":92,"column":12},"end":{"line":92,"column":59}},"14":{"start":{"line":94,"column":8},"end":{"line":94,"column":3694}},"15":{"start":{"line":95,"column":12},"end":{"line":95,"column":19}},"16":{"start":{"line":96,"column":12},"end":{"line":96,"column":51}},"17":{"start":{"line":98,"column":8},"end":{"line":98,"column":3818}},"18":{"start":{"line":99,"column":12},"end":{"line":99,"column":19}},"19":{"start":{"line":100,"column":12},"end":{"line":100,"column":47}},"20":{"start":{"line":102,"column":8},"end":{"line":102,"column":3934}},"21":{"start":{"line":103,"column":12},"end":{"line":103,"column":19}},"22":{"start":{"line":105,"column":8},"end":{"line":105,"column":23}},"23":{"start":{"line":123,"column":8},"end":{"line":123,"column":27}},"24":{"start":{"line":132,"column":8},"end":{"line":132,"column":42}},"25":{"start":{"line":141,"column":8},"end":{"line":141,"column":48}},"26":{"start":{"line":145,"column":8},"end":{"line":145,"column":43}},"27":{"start":{"line":146,"column":8},"end":{"line":146,"column":18}},"28":{"start":{"line":159,"column":8},"end":{"line":159,"column":32}},"29":{"start":{"line":160,"column":8},"end":{"line":160,"column":33}},"30":{"start":{"line":161,"column":8},"end":{"line":161,"column":6065}},"31":{"start":{"line":164,"column":12},"end":{"line":164,"column":6184}},"32":{"start":{"line":165,"column":16},"end":{"line":165,"column":23}},"33":{"start":{"line":166,"column":19},"end":{"line":166,"column":6245}},"34":{"start":{"line":167,"column":16},"end":{"line":167,"column":23}},"35":{"start":{"line":168,"column":19},"end":{"line":168,"column":6305}},"36":{"start":{"line":169,"column":16},"end":{"line":169,"column":23}},"37":{"start":{"line":170,"column":19},"end":{"line":170,"column":6365}},"38":{"start":{"line":171,"column":16},"end":{"line":171,"column":23}},"39":{"start":{"line":172,"column":19},"end":{"line":172,"column":6425}},"40":{"start":{"line":173,"column":16},"end":{"line":173,"column":23}},"41":{"start":{"line":175,"column":16},"end":{"line":175,"column":23}},"42":{"start":{"line":186,"column":8},"end":{"line":186,"column":29}},"43":{"start":{"line":199,"column":8},"end":{"line":199,"column":32}},"44":{"start":{"line":200,"column":8},"end":{"line":200,"column":7414}},"45":{"start":{"line":201,"column":12},"end":{"line":201,"column":32}},"46":{"start":{"line":203,"column":8},"end":{"line":203,"column":31}},"47":{"start":{"line":204,"column":8},"end":{"line":204,"column":33}},"48":{"start":{"line":205,"column":8},"end":{"line":205,"column":7531}},"49":{"start":{"line":212,"column":12},"end":{"line":212,"column":7745}},"50":{"start":{"line":214,"column":16},"end":{"line":214,"column":41}},"51":{"start":{"line":215,"column":16},"end":{"line":215,"column":7897}},"52":{"start":{"line":216,"column":18},"end":{"line":216,"column":63}},"53":{"start":{"line":218,"column":16},"end":{"line":218,"column":53}},"54":{"start":{"line":219,"column":16},"end":{"line":219,"column":8093}},"55":{"start":{"line":220,"column":20},"end":{"line":220,"column":36}},"56":{"start":{"line":222,"column":12},"end":{"line":222,"column":24}},"57":{"start":{"line":223,"column":12},"end":{"line":223,"column":25}},"58":{"start":{"line":225,"column":8},"end":{"line":225,"column":47}},"59":{"start":{"line":235,"column":8},"end":{"line":235,"column":40}},"60":{"start":{"line":246,"column":8},"end":{"line":246,"column":28}},"61":{"start":{"line":248,"column":8},"end":{"line":248,"column":9056}},"62":{"start":{"line":249,"column":12},"end":{"line":249,"column":24}},"63":{"start":{"line":250,"column":12},"end":{"line":250,"column":23}},"64":{"start":{"line":257,"column":8},"end":{"line":257,"column":9317}},"65":{"start":{"line":258,"column":12},"end":{"line":258,"column":16}},"66":{"start":{"line":259,"column":15},"end":{"line":259,"column":9367}},"67":{"start":{"line":260,"column":12},"end":{"line":260,"column":16}},"68":{"start":{"line":261,"column":15},"end":{"line":261,"column":9416}},"69":{"start":{"line":262,"column":12},"end":{"line":262,"column":16}},"70":{"start":{"line":264,"column":12},"end":{"line":264,"column":16}},"71":{"start":{"line":268,"column":8},"end":{"line":268,"column":9547}},"72":{"start":{"line":269,"column":12},"end":{"line":269,"column":32}},"73":{"start":{"line":270,"column":12},"end":{"line":270,"column":33}},"74":{"start":{"line":271,"column":12},"end":{"line":271,"column":24}},"75":{"start":{"line":272,"column":12},"end":{"line":272,"column":23}},"76":{"start":{"line":275,"column":8},"end":{"line":275,"column":21}},"77":{"start":{"line":276,"column":8},"end":{"line":276,"column":21}},"78":{"start":{"line":277,"column":8},"end":{"line":277,"column":20}},"79":{"start":{"line":278,"column":8},"end":{"line":278,"column":19}},"80":{"start":{"line":288,"column":8},"end":{"line":288,"column":26}},"81":{"start":{"line":297,"column":8},"end":{"line":297,"column":10424}},"82":{"start":{"line":298,"column":12},"end":{"line":298,"column":20}},"83":{"start":{"line":303,"column":8},"end":{"line":303,"column":30}},"84":{"start":{"line":307,"column":8},"end":{"line":307,"column":30}},"85":{"start":{"line":308,"column":8},"end":{"line":308,"column":10694}},"86":{"start":{"line":309,"column":12},"end":{"line":309,"column":18}},"87":{"start":{"line":310,"column":12},"end":{"line":310,"column":21}},"88":{"start":{"line":311,"column":15},"end":{"line":311,"column":10770}},"89":{"start":{"line":312,"column":12},"end":{"line":312,"column":25}},"90":{"start":{"line":313,"column":12},"end":{"line":313,"column":21}},"91":{"start":{"line":314,"column":15},"end":{"line":314,"column":10852}},"92":{"start":{"line":315,"column":12},"end":{"line":315,"column":25}},"93":{"start":{"line":316,"column":12},"end":{"line":316,"column":21}},"94":{"start":{"line":318,"column":12},"end":{"line":318,"column":25}},"95":{"start":{"line":319,"column":12},"end":{"line":319,"column":21}},"96":{"start":{"line":323,"column":8},"end":{"line":323,"column":11049}},"97":{"start":{"line":324,"column":12},"end":{"line":324,"column":20}},"98":{"start":{"line":327,"column":8},"end":{"line":327,"column":11116}},"99":{"start":{"line":328,"column":12},"end":{"line":328,"column":34}},"100":{"start":{"line":329,"column":12},"end":{"line":329,"column":38}},"101":{"start":{"line":330,"column":12},"end":{"line":330,"column":11246}},"102":{"start":{"line":332,"column":16},"end":{"line":332,"column":24}},"103":{"start":{"line":334,"column":12},"end":{"line":334,"column":40}},"104":{"start":{"line":337,"column":8},"end":{"line":337,"column":18}},"105":{"start":{"line":358,"column":8},"end":{"line":358,"column":12097}},"106":{"start":{"line":359,"column":12},"end":{"line":359,"column":24}},"107":{"start":{"line":362,"column":8},"end":{"line":362,"column":12173}},"108":{"start":{"line":363,"column":12},"end":{"line":363,"column":23}},"109":{"start":{"line":373,"column":8},"end":{"line":373,"column":20}},"110":{"start":{"line":384,"column":8},"end":{"line":384,"column":12918}},"111":{"start":{"line":385,"column":12},"end":{"line":385,"column":23}},"112":{"start":{"line":388,"column":8},"end":{"line":388,"column":24}},"113":{"start":{"line":389,"column":8},"end":{"line":389,"column":13020}},"114":{"start":{"line":398,"column":8},"end":{"line":398,"column":13350}},"115":{"start":{"line":399,"column":12},"end":{"line":399,"column":35}},"116":{"start":{"line":400,"column":12},"end":{"line":400,"column":35}},"117":{"start":{"line":403,"column":8},"end":{"line":403,"column":19}},"118":{"start":{"line":413,"column":8},"end":{"line":413,"column":13823}},"119":{"start":{"line":414,"column":12},"end":{"line":414,"column":24}},"120":{"start":{"line":417,"column":8},"end":{"line":417,"column":57}},"121":{"start":{"line":419,"column":8},"end":{"line":419,"column":13960}},"122":{"start":{"line":420,"column":12},"end":{"line":420,"column":23}},"123":{"start":{"line":430,"column":8},"end":{"line":430,"column":20}},"124":{"start":{"line":441,"column":8},"end":{"line":441,"column":14645}},"125":{"start":{"line":442,"column":12},"end":{"line":442,"column":23}},"126":{"start":{"line":445,"column":8},"end":{"line":445,"column":57}},"127":{"start":{"line":446,"column":8},"end":{"line":446,"column":24}},"128":{"start":{"line":447,"column":8},"end":{"line":447,"column":14807}},"129":{"start":{"line":455,"column":8},"end":{"line":455,"column":15081}},"130":{"start":{"line":456,"column":12},"end":{"line":456,"column":35}},"131":{"start":{"line":459,"column":8},"end":{"line":459,"column":19}},"132":{"start":{"line":465,"column":8},"end":{"line":465,"column":25}},"133":{"start":{"line":468,"column":8},"end":{"line":468,"column":15488}},"134":{"start":{"line":469,"column":12},"end":{"line":469,"column":15532}},"135":{"start":{"line":470,"column":16},"end":{"line":470,"column":73}},"136":{"start":{"line":475,"column":16},"end":{"line":475,"column":55}},"137":{"start":{"line":479,"column":16},"end":{"line":479,"column":15914}},"138":{"start":{"line":480,"column":20},"end":{"line":480,"column":15998}},"139":{"start":{"line":481,"column":24},"end":{"line":481,"column":48}},"140":{"start":{"line":485,"column":16},"end":{"line":485,"column":26}},"141":{"start":{"line":491,"column":16},"end":{"line":491,"column":16357}},"142":{"start":{"line":494,"column":20},"end":{"line":494,"column":16555}},"143":{"start":{"line":495,"column":24},"end":{"line":495,"column":34}},"144":{"start":{"line":496,"column":20},"end":{"line":496,"column":27}},"145":{"start":{"line":500,"column":8},"end":{"line":500,"column":32}},"146":{"start":{"line":508,"column":8},"end":{"line":508,"column":16986}},"147":{"start":{"line":509,"column":12},"end":{"line":509,"column":17030}},"148":{"start":{"line":510,"column":16},"end":{"line":510,"column":73}},"149":{"start":{"line":515,"column":16},"end":{"line":515,"column":50}},"150":{"start":{"line":519,"column":16},"end":{"line":519,"column":17407}},"151":{"start":{"line":520,"column":20},"end":{"line":520,"column":17481}},"152":{"start":{"line":521,"column":24},"end":{"line":521,"column":38}},"153":{"start":{"line":525,"column":16},"end":{"line":525,"column":38}},"154":{"start":{"line":530,"column":16},"end":{"line":530,"column":52}},"155":{"start":{"line":531,"column":16},"end":{"line":531,"column":17910}},"156":{"start":{"line":534,"column":20},"end":{"line":534,"column":18094}},"157":{"start":{"line":535,"column":24},"end":{"line":535,"column":46}},"158":{"start":{"line":536,"column":20},"end":{"line":536,"column":27}},"159":{"start":{"line":540,"column":8},"end":{"line":540,"column":22}},"160":{"start":{"line":552,"column":8},"end":{"line":552,"column":73}},"161":{"start":{"line":553,"column":8},"end":{"line":553,"column":35}},"162":{"start":{"line":554,"column":8},"end":{"line":554,"column":22}},"163":{"start":{"line":555,"column":8},"end":{"line":555,"column":19}},"164":{"start":{"line":567,"column":8},"end":{"line":567,"column":74}},"165":{"start":{"line":568,"column":8},"end":{"line":568,"column":34}},"166":{"start":{"line":569,"column":8},"end":{"line":569,"column":19}},"167":{"start":{"line":583,"column":8},"end":{"line":583,"column":73}},"168":{"start":{"line":584,"column":8},"end":{"line":584,"column":29}},"169":{"start":{"line":585,"column":8},"end":{"line":585,"column":35}},"170":{"start":{"line":586,"column":8},"end":{"line":586,"column":20188}},"171":{"start":{"line":588,"column":12},"end":{"line":588,"column":24}},"172":{"start":{"line":590,"column":12},"end":{"line":590,"column":48}},"173":{"start":{"line":591,"column":12},"end":{"line":591,"column":40}},"174":{"start":{"line":593,"column":8},"end":{"line":593,"column":20}},"175":{"start":{"line":606,"column":8},"end":{"line":606,"column":33}},"176":{"start":{"line":620,"column":8},"end":{"line":620,"column":74}},"177":{"start":{"line":621,"column":8},"end":{"line":621,"column":23}},"178":{"start":{"line":622,"column":8},"end":{"line":622,"column":49}},"179":{"start":{"line":623,"column":8},"end":{"line":623,"column":21819}},"180":{"start":{"line":625,"column":12},"end":{"line":625,"column":24}},"181":{"start":{"line":627,"column":12},"end":{"line":627,"column":48}},"182":{"start":{"line":629,"column":8},"end":{"line":629,"column":20}},"183":{"start":{"line":642,"column":8},"end":{"line":642,"column":34}},"184":{"start":{"line":652,"column":8},"end":{"line":652,"column":87}},"185":{"start":{"line":653,"column":8},"end":{"line":653,"column":23069}},"186":{"start":{"line":655,"column":12},"end":{"line":655,"column":100}},"187":{"start":{"line":666,"column":8},"end":{"line":666,"column":84}},"188":{"start":{"line":677,"column":8},"end":{"line":677,"column":61}},"189":{"start":{"line":680,"column":8},"end":{"line":680,"column":43}},"190":{"start":{"line":681,"column":8},"end":{"line":681,"column":57}},"191":{"start":{"line":682,"column":8},"end":{"line":682,"column":18}},"192":{"start":{"line":694,"column":8},"end":{"line":694,"column":24758}},"193":{"start":{"line":695,"column":12},"end":{"line":695,"column":21}},"194":{"start":{"line":697,"column":8},"end":{"line":697,"column":51}},"195":{"start":{"line":698,"column":8},"end":{"line":698,"column":24881}},"196":{"start":{"line":699,"column":12},"end":{"line":699,"column":34}},"197":{"start":{"line":701,"column":8},"end":{"line":701,"column":45}},"198":{"start":{"line":705,"column":8},"end":{"line":705,"column":25053}},"199":{"start":{"line":706,"column":12},"end":{"line":706,"column":55}},"200":{"start":{"line":707,"column":12},"end":{"line":707,"column":34}},"201":{"start":{"line":708,"column":12},"end":{"line":708,"column":25200}},"202":{"start":{"line":709,"column":16},"end":{"line":709,"column":51}},"203":{"start":{"line":710,"column":16},"end":{"line":710,"column":34}},"204":{"start":{"line":714,"column":8},"end":{"line":714,"column":18}}},"branchMap":{"1":{"line":84,"type":"if","locations":[{"start":{"line":84,"column":8},"end":{"line":84,"column":8}},{"start":{"line":84,"column":8},"end":{"line":84,"column":8}}]},"2":{"line":86,"type":"if","locations":[{"start":{"line":86,"column":8},"end":{"line":86,"column":8}},{"start":{"line":86,"column":8},"end":{"line":86,"column":8}}]},"3":{"line":90,"type":"if","locations":[{"start":{"line":90,"column":8},"end":{"line":90,"column":8}},{"start":{"line":90,"column":8},"end":{"line":90,"column":8}}]},"4":{"line":94,"type":"if","locations":[{"start":{"line":94,"column":8},"end":{"line":94,"column":8}},{"start":{"line":94,"column":8},"end":{"line":94,"column":8}}]},"5":{"line":98,"type":"if","locations":[{"start":{"line":98,"column":8},"end":{"line":98,"column":8}},{"start":{"line":98,"column":8},"end":{"line":98,"column":8}}]},"6":{"line":102,"type":"if","locations":[{"start":{"line":102,"column":8},"end":{"line":102,"column":8}},{"start":{"line":102,"column":8},"end":{"line":102,"column":8}}]},"7":{"line":164,"type":"if","locations":[{"start":{"line":164,"column":12},"end":{"line":164,"column":12}},{"start":{"line":164,"column":12},"end":{"line":164,"column":12}}]},"8":{"line":166,"type":"if","locations":[{"start":{"line":166,"column":19},"end":{"line":166,"column":19}},{"start":{"line":166,"column":19},"end":{"line":166,"column":19}}]},"9":{"line":168,"type":"if","locations":[{"start":{"line":168,"column":19},"end":{"line":168,"column":19}},{"start":{"line":168,"column":19},"end":{"line":168,"column":19}}]},"10":{"line":170,"type":"if","locations":[{"start":{"line":170,"column":19},"end":{"line":170,"column":19}},{"start":{"line":170,"column":19},"end":{"line":170,"column":19}}]},"11":{"line":172,"type":"if","locations":[{"start":{"line":172,"column":19},"end":{"line":172,"column":19}},{"start":{"line":172,"column":19},"end":{"line":172,"column":19}}]},"12":{"line":200,"type":"if","locations":[{"start":{"line":200,"column":8},"end":{"line":200,"column":8}},{"start":{"line":200,"column":8},"end":{"line":200,"column":8}}]},"13":{"line":212,"type":"if","locations":[{"start":{"line":212,"column":12},"end":{"line":212,"column":12}},{"start":{"line":212,"column":12},"end":{"line":212,"column":12}}]},"14":{"line":215,"type":"if","locations":[{"start":{"line":215,"column":16},"end":{"line":215,"column":16}},{"start":{"line":215,"column":16},"end":{"line":215,"column":16}}]},"15":{"line":219,"type":"if","locations":[{"start":{"line":219,"column":16},"end":{"line":219,"column":16}},{"start":{"line":219,"column":16},"end":{"line":219,"column":16}}]},"16":{"line":248,"type":"if","locations":[{"start":{"line":248,"column":8},"end":{"line":248,"column":8}},{"start":{"line":248,"column":8},"end":{"line":248,"column":8}}]},"17":{"line":257,"type":"if","locations":[{"start":{"line":257,"column":8},"end":{"line":257,"column":8}},{"start":{"line":257,"column":8},"end":{"line":257,"column":8}}]},"18":{"line":259,"type":"if","locations":[{"start":{"line":259,"column":15},"end":{"line":259,"column":15}},{"start":{"line":259,"column":15},"end":{"line":259,"column":15}}]},"19":{"line":261,"type":"if","locations":[{"start":{"line":261,"column":15},"end":{"line":261,"column":15}},{"start":{"line":261,"column":15},"end":{"line":261,"column":15}}]},"20":{"line":268,"type":"if","locations":[{"start":{"line":268,"column":8},"end":{"line":268,"column":8}},{"start":{"line":268,"column":8},"end":{"line":268,"column":8}}]},"21":{"line":297,"type":"if","locations":[{"start":{"line":297,"column":8},"end":{"line":297,"column":8}},{"start":{"line":297,"column":8},"end":{"line":297,"column":8}}]},"22":{"line":308,"type":"if","locations":[{"start":{"line":308,"column":8},"end":{"line":308,"column":8}},{"start":{"line":308,"column":8},"end":{"line":308,"column":8}}]},"23":{"line":311,"type":"if","locations":[{"start":{"line":311,"column":15},"end":{"line":311,"column":15}},{"start":{"line":311,"column":15},"end":{"line":311,"column":15}}]},"24":{"line":314,"type":"if","locations":[{"start":{"line":314,"column":15},"end":{"line":314,"column":15}},{"start":{"line":314,"column":15},"end":{"line":314,"column":15}}]},"25":{"line":323,"type":"if","locations":[{"start":{"line":323,"column":8},"end":{"line":323,"column":8}},{"start":{"line":323,"column":8},"end":{"line":323,"column":8}}]},"26":{"line":330,"type":"if","locations":[{"start":{"line":330,"column":12},"end":{"line":330,"column":12}},{"start":{"line":330,"column":12},"end":{"line":330,"column":12}}]},"27":{"line":358,"type":"if","locations":[{"start":{"line":358,"column":8},"end":{"line":358,"column":8}},{"start":{"line":358,"column":8},"end":{"line":358,"column":8}}]},"28":{"line":362,"type":"if","locations":[{"start":{"line":362,"column":8},"end":{"line":362,"column":8}},{"start":{"line":362,"column":8},"end":{"line":362,"column":8}}]},"29":{"line":384,"type":"if","locations":[{"start":{"line":384,"column":8},"end":{"line":384,"column":8}},{"start":{"line":384,"column":8},"end":{"line":384,"column":8}}]},"30":{"line":389,"type":"if","locations":[{"start":{"line":389,"column":8},"end":{"line":389,"column":8}},{"start":{"line":389,"column":8},"end":{"line":389,"column":8}}]},"31":{"line":398,"type":"if","locations":[{"start":{"line":398,"column":8},"end":{"line":398,"column":8}},{"start":{"line":398,"column":8},"end":{"line":398,"column":8}}]},"32":{"line":413,"type":"if","locations":[{"start":{"line":413,"column":8},"end":{"line":413,"column":8}},{"start":{"line":413,"column":8},"end":{"line":413,"column":8}}]},"33":{"line":419,"type":"if","locations":[{"start":{"line":419,"column":8},"end":{"line":419,"column":8}},{"start":{"line":419,"column":8},"end":{"line":419,"column":8}}]},"34":{"line":441,"type":"if","locations":[{"start":{"line":441,"column":8},"end":{"line":441,"column":8}},{"start":{"line":441,"column":8},"end":{"line":441,"column":8}}]},"35":{"line":447,"type":"if","locations":[{"start":{"line":447,"column":8},"end":{"line":447,"column":8}},{"start":{"line":447,"column":8},"end":{"line":447,"column":8}}]},"36":{"line":455,"type":"if","locations":[{"start":{"line":455,"column":8},"end":{"line":455,"column":8}},{"start":{"line":455,"column":8},"end":{"line":455,"column":8}}]},"37":{"line":468,"type":"if","locations":[{"start":{"line":468,"column":8},"end":{"line":468,"column":8}},{"start":{"line":468,"column":8},"end":{"line":468,"column":8}}]},"38":{"line":469,"type":"if","locations":[{"start":{"line":469,"column":12},"end":{"line":469,"column":12}},{"start":{"line":469,"column":12},"end":{"line":469,"column":12}}]},"39":{"line":480,"type":"if","locations":[{"start":{"line":480,"column":20},"end":{"line":480,"column":20}},{"start":{"line":480,"column":20},"end":{"line":480,"column":20}}]},"40":{"line":494,"type":"if","locations":[{"start":{"line":494,"column":20},"end":{"line":494,"column":20}},{"start":{"line":494,"column":20},"end":{"line":494,"column":20}}]},"41":{"line":508,"type":"if","locations":[{"start":{"line":508,"column":8},"end":{"line":508,"column":8}},{"start":{"line":508,"column":8},"end":{"line":508,"column":8}}]},"42":{"line":509,"type":"if","locations":[{"start":{"line":509,"column":12},"end":{"line":509,"column":12}},{"start":{"line":509,"column":12},"end":{"line":509,"column":12}}]},"43":{"line":520,"type":"if","locations":[{"start":{"line":520,"column":20},"end":{"line":520,"column":20}},{"start":{"line":520,"column":20},"end":{"line":520,"column":20}}]},"44":{"line":534,"type":"if","locations":[{"start":{"line":534,"column":20},"end":{"line":534,"column":20}},{"start":{"line":534,"column":20},"end":{"line":534,"column":20}}]},"45":{"line":586,"type":"if","locations":[{"start":{"line":586,"column":8},"end":{"line":586,"column":8}},{"start":{"line":586,"column":8},"end":{"line":586,"column":8}}]},"46":{"line":623,"type":"if","locations":[{"start":{"line":623,"column":8},"end":{"line":623,"column":8}},{"start":{"line":623,"column":8},"end":{"line":623,"column":8}}]},"47":{"line":694,"type":"if","locations":[{"start":{"line":694,"column":8},"end":{"line":694,"column":8}},{"start":{"line":694,"column":8},"end":{"line":694,"column":8}}]},"48":{"line":708,"type":"if","locations":[{"start":{"line":708,"column":12},"end":{"line":708,"column":12}},{"start":{"line":708,"column":12},"end":{"line":708,"column":12}}]}}},"contracts/UniversalRegistrar.sol":{"l":{"49":2,"60":2,"61":2,"62":2,"63":2,"72":1,"73":1,"74":1,"76":1,"78":1,"89":4,"100":4,"101":4,"102":4,"103":4,"105":4,"107":4,"109":2,"111":2,"113":2,"114":2,"115":2,"117":2,"119":2,"120":2,"121":1,"122":1,"123":1,"124":1,"125":1,"126":1,"130":2,"133":2,"145":2,"146":2,"147":2,"148":2,"150":2,"152":2,"153":2,"154":2,"155":2,"156":2,"157":2,"159":2,"162":2,"163":2,"166":2,"167":2,"171":2,"172":0,"174":2,"175":1,"179":2,"180":2,"181":2,"183":2,"186":0,"198":1,"199":1,"200":1,"201":1,"202":1,"203":1,"204":1,"207":1,"208":0,"210":1,"214":1,"223":1,"226":1,"230":5,"242":1,"244":1,"245":1,"246":1,"247":1,"248":1,"249":1,"250":1,"251":1,"253":1,"254":1,"266":3,"268":3,"269":3,"270":3,"271":3,"272":3,"274":3,"275":3,"285":13,"286":13,"287":13,"288":13,"290":13,"292":13,"293":13,"295":13,"297":13,"300":2,"302":4,"303":1,"305":3,"308":7,"309":2,"311":5,"326":13,"338":14,"339":14,"340":14,"365":1,"366":1,"367":1,"368":1,"369":1,"370":1,"371":1,"372":1,"381":1,"382":1,"383":1,"384":1},"path":"/Users/phyrex/Documents/git/portal.network/contracts/contracts/UniversalRegistrar.sol","s":{"1":2,"2":2,"3":2,"4":2,"5":1,"6":1,"7":1,"8":1,"9":1,"10":4,"11":4,"12":4,"13":4,"14":4,"15":4,"16":4,"17":2,"18":2,"19":2,"20":2,"21":2,"22":2,"23":2,"24":2,"25":1,"26":1,"27":1,"28":1,"29":1,"30":1,"31":2,"32":2,"33":2,"34":2,"35":2,"36":2,"37":2,"38":2,"39":2,"40":2,"41":2,"42":2,"43":2,"44":2,"45":2,"46":2,"47":2,"48":2,"49":2,"50":0,"51":2,"52":2,"53":2,"54":2,"55":2,"56":0,"57":1,"58":1,"59":1,"60":1,"61":1,"62":1,"63":1,"64":1,"65":1,"66":1,"67":5,"68":1,"69":1,"70":1,"71":1,"72":1,"73":1,"74":1,"75":1,"76":1,"77":1,"78":3,"79":3,"80":3,"81":3,"82":3,"83":3,"84":3,"85":3,"86":13,"87":13,"88":13,"89":13,"90":13,"91":13,"92":13,"93":13,"94":13,"95":2,"96":11,"97":4,"98":1,"99":3,"100":7,"101":2,"102":5,"103":13,"104":14,"105":14,"106":14,"107":1,"108":1,"109":1,"110":1,"111":1,"112":1,"113":1,"114":1,"115":1,"116":1,"117":1,"118":1},"b":{"1":[2,0],"2":[1,0],"3":[1,0],"4":[1,0],"5":[4,0],"6":[4,0],"7":[4,0],"8":[4,0],"9":[2,2],"10":[2,0],"11":[2,0],"12":[1,1],"13":[2,0],"14":[2,0],"15":[2,0],"16":[2,0],"17":[2,0],"18":[2,0],"19":[2,0],"20":[2,0],"21":[2,0],"22":[2,0],"23":[0,2],"24":[1,1],"25":[1,0],"26":[1,0],"27":[0,1],"28":[1,0],"29":[1,0],"30":[1,0],"31":[1,0],"32":[1,0],"33":[3,0],"34":[3,0],"35":[3,0],"36":[3,0],"37":[13,0],"38":[13,0],"39":[13,0],"40":[13,0],"41":[2,11],"42":[4,7],"43":[1,3],"44":[2,5],"45":[14,0],"46":[1,0],"47":[1,0]},"f":{"1":2,"2":2,"3":1,"4":4,"5":4,"6":2,"7":1,"8":5,"9":1,"10":3,"11":13,"12":13,"13":14,"14":1,"15":1},"fnMap":{"1":{"name":null,"line":48,"loc":{"start":{"line":48,"column":4},"end":{"line":48,"column":43}}},"2":{"name":"onlyBnsOwner","line":58,"loc":{"start":{"line":58,"column":4},"end":{"line":58,"column":55}}},"3":{"name":"updatePortalNetworkTokenAddress","line":71,"loc":{"start":{"line":71,"column":4},"end":{"line":71,"column":101}}},"4":{"name":"startAuction","line":88,"loc":{"start":{"line":88,"column":4},"end":{"line":88,"column":84}}},"5":{"name":"_startAuction","line":99,"loc":{"start":{"line":99,"column":4},"end":{"line":99,"column":85}}},"6":{"name":"revealAuction","line":144,"loc":{"start":{"line":144,"column":4},"end":{"line":144,"column":93}}},"7":{"name":"finalizeAuction","line":196,"loc":{"start":{"line":196,"column":4},"end":{"line":196,"column":98}}},"8":{"name":"shaBid","line":229,"loc":{"start":{"line":229,"column":4},"end":{"line":229,"column":105}}},"9":{"name":"transfer","line":240,"loc":{"start":{"line":240,"column":4},"end":{"line":240,"column":109}}},"10":{"name":"entries","line":264,"loc":{"start":{"line":264,"column":4},"end":{"line":264,"column":114}}},"11":{"name":"state","line":284,"loc":{"start":{"line":284,"column":4},"end":{"line":284,"column":75}}},"12":{"name":"isAllowed","line":325,"loc":{"start":{"line":325,"column":4},"end":{"line":325,"column":90}}},"13":{"name":"getAllowedTime","line":337,"loc":{"start":{"line":337,"column":4},"end":{"line":337,"column":70}}},"14":{"name":"setProtocolEntry","line":355,"loc":{"start":{"line":355,"column":4},"end":{"line":364,"column":26}}},"15":{"name":"protocolEntries","line":380,"loc":{"start":{"line":380,"column":4},"end":{"line":380,"column":117}}}},"statementMap":{"1":{"start":{"line":49,"column":8},"end":{"line":49,"column":30}},"2":{"start":{"line":60,"column":8},"end":{"line":60,"column":73}},"3":{"start":{"line":61,"column":8},"end":{"line":61,"column":69}},"4":{"start":{"line":62,"column":8},"end":{"line":62,"column":139}},"5":{"start":{"line":72,"column":8},"end":{"line":72,"column":95}},"6":{"start":{"line":73,"column":8},"end":{"line":73,"column":124}},"7":{"start":{"line":74,"column":8},"end":{"line":74,"column":118}},"8":{"start":{"line":76,"column":8},"end":{"line":76,"column":47}},"9":{"start":{"line":78,"column":8},"end":{"line":78,"column":58}},"10":{"start":{"line":89,"column":8},"end":{"line":89,"column":50}},"11":{"start":{"line":100,"column":8},"end":{"line":100,"column":74}},"12":{"start":{"line":101,"column":8},"end":{"line":101,"column":77}},"13":{"start":{"line":102,"column":8},"end":{"line":102,"column":72}},"14":{"start":{"line":103,"column":8},"end":{"line":103,"column":76}},"15":{"start":{"line":105,"column":8},"end":{"line":105,"column":61}},"16":{"start":{"line":107,"column":8},"end":{"line":107,"column":93}},"17":{"start":{"line":109,"column":8},"end":{"line":109,"column":42}},"18":{"start":{"line":111,"column":8},"end":{"line":111,"column":75}},"19":{"start":{"line":113,"column":8},"end":{"line":113,"column":73}},"20":{"start":{"line":114,"column":8},"end":{"line":114,"column":69}},"21":{"start":{"line":115,"column":8},"end":{"line":115,"column":58}},"22":{"start":{"line":117,"column":8},"end":{"line":117,"column":68}},"23":{"start":{"line":119,"column":8},"end":{"line":119,"column":42}},"24":{"start":{"line":120,"column":8},"end":{"line":120,"column":4720}},"25":{"start":{"line":121,"column":12},"end":{"line":121,"column":74}},"26":{"start":{"line":122,"column":12},"end":{"line":122,"column":35}},"27":{"start":{"line":123,"column":12},"end":{"line":123,"column":29}},"28":{"start":{"line":124,"column":12},"end":{"line":124,"column":37}},"29":{"start":{"line":125,"column":12},"end":{"line":125,"column":26}},"30":{"start":{"line":126,"column":12},"end":{"line":126,"column":31}},"31":{"start":{"line":130,"column":8},"end":{"line":130,"column":47}},"32":{"start":{"line":133,"column":8},"end":{"line":133,"column":49}},"33":{"start":{"line":145,"column":8},"end":{"line":145,"column":74}},"34":{"start":{"line":146,"column":8},"end":{"line":146,"column":77}},"35":{"start":{"line":147,"column":8},"end":{"line":147,"column":72}},"36":{"start":{"line":148,"column":8},"end":{"line":148,"column":76}},"37":{"start":{"line":150,"column":8},"end":{"line":150,"column":61}},"38":{"start":{"line":152,"column":8},"end":{"line":152,"column":93}},"39":{"start":{"line":153,"column":8},"end":{"line":153,"column":42}},"40":{"start":{"line":154,"column":8},"end":{"line":154,"column":53}},"41":{"start":{"line":155,"column":8},"end":{"line":155,"column":73}},"42":{"start":{"line":156,"column":8},"end":{"line":156,"column":69}},"43":{"start":{"line":157,"column":8},"end":{"line":157,"column":58}},"44":{"start":{"line":159,"column":8},"end":{"line":159,"column":98}},"45":{"start":{"line":162,"column":8},"end":{"line":162,"column":89}},"46":{"start":{"line":163,"column":8},"end":{"line":163,"column":95}},"47":{"start":{"line":166,"column":8},"end":{"line":166,"column":42}},"48":{"start":{"line":167,"column":8},"end":{"line":167,"column":6908}},"49":{"start":{"line":171,"column":12},"end":{"line":171,"column":7090}},"50":{"start":{"line":172,"column":16},"end":{"line":172,"column":22}},"51":{"start":{"line":174,"column":12},"end":{"line":174,"column":7209}},"52":{"start":{"line":179,"column":12},"end":{"line":179,"column":35}},"53":{"start":{"line":180,"column":12},"end":{"line":180,"column":41}},"54":{"start":{"line":181,"column":12},"end":{"line":181,"column":36}},"55":{"start":{"line":183,"column":12},"end":{"line":183,"column":69}},"56":{"start":{"line":186,"column":12},"end":{"line":186,"column":69}},"57":{"start":{"line":198,"column":8},"end":{"line":198,"column":42}},"58":{"start":{"line":199,"column":8},"end":{"line":199,"column":52}},"59":{"start":{"line":200,"column":8},"end":{"line":200,"column":73}},"60":{"start":{"line":201,"column":8},"end":{"line":201,"column":69}},"61":{"start":{"line":202,"column":8},"end":{"line":202,"column":42}},"62":{"start":{"line":203,"column":8},"end":{"line":203,"column":72}},"63":{"start":{"line":204,"column":8},"end":{"line":204,"column":72}},"64":{"start":{"line":207,"column":8},"end":{"line":207,"column":8608}},"65":{"start":{"line":209,"column":15},"end":{"line":209,"column":8755}},"66":{"start":{"line":226,"column":8},"end":{"line":226,"column":78}},"67":{"start":{"line":230,"column":8},"end":{"line":230,"column":73}},"68":{"start":{"line":242,"column":8},"end":{"line":242,"column":66}},"69":{"start":{"line":244,"column":8},"end":{"line":244,"column":74}},"70":{"start":{"line":245,"column":8},"end":{"line":245,"column":61}},"71":{"start":{"line":246,"column":8},"end":{"line":246,"column":77}},"72":{"start":{"line":247,"column":8},"end":{"line":247,"column":73}},"73":{"start":{"line":248,"column":8},"end":{"line":248,"column":69}},"74":{"start":{"line":249,"column":8},"end":{"line":249,"column":42}},"75":{"start":{"line":250,"column":8},"end":{"line":250,"column":41}},"76":{"start":{"line":251,"column":8},"end":{"line":251,"column":29}},"77":{"start":{"line":254,"column":8},"end":{"line":254,"column":63}},"78":{"start":{"line":266,"column":8},"end":{"line":266,"column":66}},"79":{"start":{"line":268,"column":8},"end":{"line":268,"column":74}},"80":{"start":{"line":269,"column":8},"end":{"line":269,"column":61}},"81":{"start":{"line":270,"column":8},"end":{"line":270,"column":77}},"82":{"start":{"line":271,"column":8},"end":{"line":271,"column":73}},"83":{"start":{"line":272,"column":8},"end":{"line":272,"column":69}},"84":{"start":{"line":274,"column":8},"end":{"line":274,"column":42}},"85":{"start":{"line":275,"column":8},"end":{"line":275,"column":113}},"86":{"start":{"line":285,"column":8},"end":{"line":285,"column":74}},"87":{"start":{"line":286,"column":8},"end":{"line":286,"column":77}},"88":{"start":{"line":287,"column":8},"end":{"line":287,"column":72}},"89":{"start":{"line":288,"column":8},"end":{"line":288,"column":76}},"90":{"start":{"line":290,"column":8},"end":{"line":290,"column":61}},"91":{"start":{"line":292,"column":8},"end":{"line":292,"column":73}},"92":{"start":{"line":293,"column":8},"end":{"line":293,"column":69}},"93":{"start":{"line":295,"column":8},"end":{"line":295,"column":42}},"94":{"start":{"line":297,"column":8},"end":{"line":297,"column":12701}},"95":{"start":{"line":300,"column":12},"end":{"line":300,"column":39}},"96":{"start":{"line":301,"column":15},"end":{"line":301,"column":12927}},"97":{"start":{"line":302,"column":12},"end":{"line":302,"column":12979}},"98":{"start":{"line":303,"column":16},"end":{"line":303,"column":35}},"99":{"start":{"line":305,"column":16},"end":{"line":305,"column":34}},"100":{"start":{"line":308,"column":12},"end":{"line":308,"column":13183}},"101":{"start":{"line":309,"column":16},"end":{"line":309,"column":32}},"102":{"start":{"line":311,"column":16},"end":{"line":311,"column":33}},"103":{"start":{"line":326,"column":8},"end":{"line":326,"column":53}},"104":{"start":{"line":338,"column":8},"end":{"line":338,"column":72}},"105":{"start":{"line":339,"column":8},"end":{"line":339,"column":76}},"106":{"start":{"line":340,"column":8},"end":{"line":340,"column":46}},"107":{"start":{"line":365,"column":8},"end":{"line":365,"column":72}},"108":{"start":{"line":366,"column":8},"end":{"line":366,"column":58}},"109":{"start":{"line":367,"column":8},"end":{"line":367,"column":60}},"110":{"start":{"line":368,"column":8},"end":{"line":368,"column":48}},"111":{"start":{"line":369,"column":8},"end":{"line":369,"column":50}},"112":{"start":{"line":370,"column":8},"end":{"line":370,"column":50}},"113":{"start":{"line":371,"column":8},"end":{"line":371,"column":40}},"114":{"start":{"line":372,"column":8},"end":{"line":372,"column":42}},"115":{"start":{"line":381,"column":8},"end":{"line":381,"column":74}},"116":{"start":{"line":382,"column":8},"end":{"line":382,"column":77}},"117":{"start":{"line":383,"column":8},"end":{"line":383,"column":72}},"118":{"start":{"line":384,"column":8},"end":{"line":384,"column":16022}}},"branchMap":{"1":{"line":62,"type":"if","locations":[{"start":{"line":62,"column":8},"end":{"line":62,"column":8}},{"start":{"line":62,"column":8},"end":{"line":62,"column":8}}]},"2":{"line":72,"type":"if","locations":[{"start":{"line":72,"column":8},"end":{"line":72,"column":8}},{"start":{"line":72,"column":8},"end":{"line":72,"column":8}}]},"3":{"line":73,"type":"if","locations":[{"start":{"line":73,"column":8},"end":{"line":73,"column":8}},{"start":{"line":73,"column":8},"end":{"line":73,"column":8}}]},"4":{"line":74,"type":"if","locations":[{"start":{"line":74,"column":8},"end":{"line":74,"column":8}},{"start":{"line":74,"column":8},"end":{"line":74,"column":8}}]},"5":{"line":100,"type":"if","locations":[{"start":{"line":100,"column":8},"end":{"line":100,"column":8}},{"start":{"line":100,"column":8},"end":{"line":100,"column":8}}]},"6":{"line":101,"type":"if","locations":[{"start":{"line":101,"column":8},"end":{"line":101,"column":8}},{"start":{"line":101,"column":8},"end":{"line":101,"column":8}}]},"7":{"line":103,"type":"if","locations":[{"start":{"line":103,"column":8},"end":{"line":103,"column":8}},{"start":{"line":103,"column":8},"end":{"line":103,"column":8}}]},"8":{"line":105,"type":"if","locations":[{"start":{"line":105,"column":8},"end":{"line":105,"column":8}},{"start":{"line":105,"column":8},"end":{"line":105,"column":8}}]},"9":{"line":107,"type":"if","locations":[{"start":{"line":107,"column":8},"end":{"line":107,"column":8}},{"start":{"line":107,"column":8},"end":{"line":107,"column":8}}]},"10":{"line":111,"type":"if","locations":[{"start":{"line":111,"column":8},"end":{"line":111,"column":8}},{"start":{"line":111,"column":8},"end":{"line":111,"column":8}}]},"11":{"line":117,"type":"if","locations":[{"start":{"line":117,"column":8},"end":{"line":117,"column":8}},{"start":{"line":117,"column":8},"end":{"line":117,"column":8}}]},"12":{"line":120,"type":"if","locations":[{"start":{"line":120,"column":8},"end":{"line":120,"column":8}},{"start":{"line":120,"column":8},"end":{"line":120,"column":8}}]},"13":{"line":145,"type":"if","locations":[{"start":{"line":145,"column":8},"end":{"line":145,"column":8}},{"start":{"line":145,"column":8},"end":{"line":145,"column":8}}]},"14":{"line":146,"type":"if","locations":[{"start":{"line":146,"column":8},"end":{"line":146,"column":8}},{"start":{"line":146,"column":8},"end":{"line":146,"column":8}}]},"15":{"line":148,"type":"if","locations":[{"start":{"line":148,"column":8},"end":{"line":148,"column":8}},{"start":{"line":148,"column":8},"end":{"line":148,"column":8}}]},"16":{"line":150,"type":"if","locations":[{"start":{"line":150,"column":8},"end":{"line":150,"column":8}},{"start":{"line":150,"column":8},"end":{"line":150,"column":8}}]},"17":{"line":152,"type":"if","locations":[{"start":{"line":152,"column":8},"end":{"line":152,"column":8}},{"start":{"line":152,"column":8},"end":{"line":152,"column":8}}]},"18":{"line":154,"type":"if","locations":[{"start":{"line":154,"column":8},"end":{"line":154,"column":8}},{"start":{"line":154,"column":8},"end":{"line":154,"column":8}}]},"19":{"line":159,"type":"if","locations":[{"start":{"line":159,"column":8},"end":{"line":159,"column":8}},{"start":{"line":159,"column":8},"end":{"line":159,"column":8}}]},"20":{"line":162,"type":"if","locations":[{"start":{"line":162,"column":8},"end":{"line":162,"column":8}},{"start":{"line":162,"column":8},"end":{"line":162,"column":8}}]},"21":{"line":163,"type":"if","locations":[{"start":{"line":163,"column":8},"end":{"line":163,"column":8}},{"start":{"line":163,"column":8},"end":{"line":163,"column":8}}]},"22":{"line":167,"type":"if","locations":[{"start":{"line":167,"column":8},"end":{"line":167,"column":8}},{"start":{"line":167,"column":8},"end":{"line":167,"column":8}}]},"23":{"line":171,"type":"if","locations":[{"start":{"line":171,"column":12},"end":{"line":171,"column":12}},{"start":{"line":171,"column":12},"end":{"line":171,"column":12}}]},"24":{"line":174,"type":"if","locations":[{"start":{"line":174,"column":12},"end":{"line":174,"column":12}},{"start":{"line":174,"column":12},"end":{"line":174,"column":12}}]},"25":{"line":199,"type":"if","locations":[{"start":{"line":199,"column":8},"end":{"line":199,"column":8}},{"start":{"line":199,"column":8},"end":{"line":199,"column":8}}]},"26":{"line":204,"type":"if","locations":[{"start":{"line":204,"column":8},"end":{"line":204,"column":8}},{"start":{"line":204,"column":8},"end":{"line":204,"column":8}}]},"27":{"line":207,"type":"if","locations":[{"start":{"line":207,"column":8},"end":{"line":207,"column":8}},{"start":{"line":207,"column":8},"end":{"line":207,"column":8}}]},"28":{"line":209,"type":"if","locations":[{"start":{"line":209,"column":15},"end":{"line":209,"column":15}},{"start":{"line":209,"column":15},"end":{"line":209,"column":15}}]},"29":{"line":242,"type":"if","locations":[{"start":{"line":242,"column":8},"end":{"line":242,"column":8}},{"start":{"line":242,"column":8},"end":{"line":242,"column":8}}]},"30":{"line":244,"type":"if","locations":[{"start":{"line":244,"column":8},"end":{"line":244,"column":8}},{"start":{"line":244,"column":8},"end":{"line":244,"column":8}}]},"31":{"line":245,"type":"if","locations":[{"start":{"line":245,"column":8},"end":{"line":245,"column":8}},{"start":{"line":245,"column":8},"end":{"line":245,"column":8}}]},"32":{"line":246,"type":"if","locations":[{"start":{"line":246,"column":8},"end":{"line":246,"column":8}},{"start":{"line":246,"column":8},"end":{"line":246,"column":8}}]},"33":{"line":266,"type":"if","locations":[{"start":{"line":266,"column":8},"end":{"line":266,"column":8}},{"start":{"line":266,"column":8},"end":{"line":266,"column":8}}]},"34":{"line":268,"type":"if","locations":[{"start":{"line":268,"column":8},"end":{"line":268,"column":8}},{"start":{"line":268,"column":8},"end":{"line":268,"column":8}}]},"35":{"line":269,"type":"if","locations":[{"start":{"line":269,"column":8},"end":{"line":269,"column":8}},{"start":{"line":269,"column":8},"end":{"line":269,"column":8}}]},"36":{"line":270,"type":"if","locations":[{"start":{"line":270,"column":8},"end":{"line":270,"column":8}},{"start":{"line":270,"column":8},"end":{"line":270,"column":8}}]},"37":{"line":285,"type":"if","locations":[{"start":{"line":285,"column":8},"end":{"line":285,"column":8}},{"start":{"line":285,"column":8},"end":{"line":285,"column":8}}]},"38":{"line":286,"type":"if","locations":[{"start":{"line":286,"column":8},"end":{"line":286,"column":8}},{"start":{"line":286,"column":8},"end":{"line":286,"column":8}}]},"39":{"line":288,"type":"if","locations":[{"start":{"line":288,"column":8},"end":{"line":288,"column":8}},{"start":{"line":288,"column":8},"end":{"line":288,"column":8}}]},"40":{"line":290,"type":"if","locations":[{"start":{"line":290,"column":8},"end":{"line":290,"column":8}},{"start":{"line":290,"column":8},"end":{"line":290,"column":8}}]},"41":{"line":297,"type":"if","locations":[{"start":{"line":297,"column":8},"end":{"line":297,"column":8}},{"start":{"line":297,"column":8},"end":{"line":297,"column":8}}]},"42":{"line":301,"type":"if","locations":[{"start":{"line":301,"column":15},"end":{"line":301,"column":15}},{"start":{"line":301,"column":15},"end":{"line":301,"column":15}}]},"43":{"line":302,"type":"if","locations":[{"start":{"line":302,"column":12},"end":{"line":302,"column":12}},{"start":{"line":302,"column":12},"end":{"line":302,"column":12}}]},"44":{"line":308,"type":"if","locations":[{"start":{"line":308,"column":12},"end":{"line":308,"column":12}},{"start":{"line":308,"column":12},"end":{"line":308,"column":12}}]},"45":{"line":339,"type":"if","locations":[{"start":{"line":339,"column":8},"end":{"line":339,"column":8}},{"start":{"line":339,"column":8},"end":{"line":339,"column":8}}]},"46":{"line":381,"type":"if","locations":[{"start":{"line":381,"column":8},"end":{"line":381,"column":8}},{"start":{"line":381,"column":8},"end":{"line":381,"column":8}}]},"47":{"line":382,"type":"if","locations":[{"start":{"line":382,"column":8},"end":{"line":382,"column":8}},{"start":{"line":382,"column":8},"end":{"line":382,"column":8}}]}}},"contracts/UniversalRegistry.sol":{"l":{"37":2,"38":2,"39":2,"44":0,"45":0,"46":0,"47":0,"48":0,"49":0,"50":0,"51":0,"63":0,"64":0,"65":0,"66":0,"67":0,"78":0,"79":0,"80":0,"91":2,"92":2,"93":2,"94":2,"96":2,"97":2,"108":0,"109":0,"110":0,"111":0,"112":0,"113":0,"122":2,"131":0,"141":2,"142":2,"143":2,"145":2,"154":2,"155":2,"156":1,"159":1},"path":"/Users/phyrex/Documents/git/portal.network/contracts/contracts/UniversalRegistry.sol","s":{"1":2,"2":2,"3":0,"4":0,"5":0,"6":0,"7":0,"8":0,"9":0,"10":0,"11":0,"12":0,"13":0,"14":0,"15":0,"16":0,"17":0,"18":2,"19":2,"20":2,"21":2,"22":2,"23":2,"24":0,"25":0,"26":0,"27":0,"28":0,"29":0,"30":2,"31":0,"32":2,"33":2,"34":2,"35":2,"36":2,"37":1,"38":1},"b":{"1":[2,0],"2":[2,0],"3":[0,0],"4":[0,0],"5":[0,0],"6":[0,0],"7":[0,0],"8":[0,0],"9":[0,0],"10":[2,0],"11":[2,0],"12":[0,0],"13":[0,0],"14":[2,0],"15":[1,1]},"f":{"1":2,"2":2,"3":0,"4":0,"5":0,"6":2,"7":0,"8":2,"9":0,"10":2,"11":2},"fnMap":{"1":{"name":null,"line":29,"loc":{"start":{"line":29,"column":4},"end":{"line":29,"column":22}}},"2":{"name":"onlyProtocolOwner","line":36,"loc":{"start":{"line":36,"column":4},"end":{"line":36,"column":46}}},"3":{"name":"onlyRegistrant","line":42,"loc":{"start":{"line":42,"column":4},"end":{"line":42,"column":57}}},"4":{"name":"setSubdomainRegistrant","line":62,"loc":{"start":{"line":62,"column":4},"end":{"line":62,"column":136}}},"5":{"name":"_setSubdomainRegistrant","line":77,"loc":{"start":{"line":77,"column":4},"end":{"line":77,"column":85}}},"6":{"name":"setRegistrant","line":90,"loc":{"start":{"line":90,"column":4},"end":{"line":90,"column":115}}},"7":{"name":"setTTL","line":107,"loc":{"start":{"line":107,"column":4},"end":{"line":107,"column":104}}},"8":{"name":"registrant","line":121,"loc":{"start":{"line":121,"column":4},"end":{"line":121,"column":65}}},"9":{"name":"ttl","line":130,"loc":{"start":{"line":130,"column":4},"end":{"line":130,"column":57}}},"10":{"name":"registerProtocol","line":140,"loc":{"start":{"line":140,"column":4},"end":{"line":140,"column":83}}},"11":{"name":"isProtocolAvailable","line":153,"loc":{"start":{"line":153,"column":4},"end":{"line":153,"column":75}}}},"statementMap":{"1":{"start":{"line":37,"column":8},"end":{"line":37,"column":74}},"2":{"start":{"line":38,"column":8},"end":{"line":38,"column":86}},"3":{"start":{"line":44,"column":8},"end":{"line":44,"column":66}},"4":{"start":{"line":45,"column":8},"end":{"line":45,"column":74}},"5":{"start":{"line":46,"column":8},"end":{"line":46,"column":61}},"6":{"start":{"line":47,"column":8},"end":{"line":47,"column":77}},"7":{"start":{"line":48,"column":8},"end":{"line":48,"column":73}},"8":{"start":{"line":49,"column":8},"end":{"line":49,"column":69}},"9":{"start":{"line":50,"column":8},"end":{"line":50,"column":91}},"10":{"start":{"line":63,"column":8},"end":{"line":63,"column":64}},"11":{"start":{"line":64,"column":8},"end":{"line":64,"column":59}},"12":{"start":{"line":65,"column":8},"end":{"line":65,"column":73}},"13":{"start":{"line":66,"column":8},"end":{"line":66,"column":69}},"14":{"start":{"line":67,"column":8},"end":{"line":67,"column":49}},"15":{"start":{"line":78,"column":8},"end":{"line":78,"column":63}},"16":{"start":{"line":79,"column":8},"end":{"line":79,"column":63}},"17":{"start":{"line":80,"column":8},"end":{"line":80,"column":39}},"18":{"start":{"line":91,"column":8},"end":{"line":91,"column":66}},"19":{"start":{"line":92,"column":8},"end":{"line":92,"column":74}},"20":{"start":{"line":93,"column":8},"end":{"line":93,"column":73}},"21":{"start":{"line":94,"column":8},"end":{"line":94,"column":69}},"22":{"start":{"line":96,"column":8},"end":{"line":96,"column":57}},"23":{"start":{"line":97,"column":8},"end":{"line":97,"column":44}},"24":{"start":{"line":108,"column":8},"end":{"line":108,"column":66}},"25":{"start":{"line":109,"column":8},"end":{"line":109,"column":74}},"26":{"start":{"line":110,"column":8},"end":{"line":110,"column":73}},"27":{"start":{"line":111,"column":8},"end":{"line":111,"column":69}},"28":{"start":{"line":112,"column":8},"end":{"line":112,"column":43}},"29":{"start":{"line":113,"column":8},"end":{"line":113,"column":30}},"30":{"start":{"line":122,"column":8},"end":{"line":122,"column":38}},"31":{"start":{"line":131,"column":8},"end":{"line":131,"column":31}},"32":{"start":{"line":141,"column":8},"end":{"line":141,"column":74}},"33":{"start":{"line":143,"column":8},"end":{"line":143,"column":45}},"34":{"start":{"line":145,"column":8},"end":{"line":145,"column":53}},"35":{"start":{"line":154,"column":8},"end":{"line":154,"column":5478}},"36":{"start":{"line":155,"column":12},"end":{"line":155,"column":5540}},"37":{"start":{"line":156,"column":16},"end":{"line":156,"column":27}},"38":{"start":{"line":159,"column":8},"end":{"line":159,"column":20}}},"branchMap":{"1":{"line":37,"type":"if","locations":[{"start":{"line":37,"column":8},"end":{"line":37,"column":8}},{"start":{"line":37,"column":8},"end":{"line":37,"column":8}}]},"2":{"line":38,"type":"if","locations":[{"start":{"line":38,"column":8},"end":{"line":38,"column":8}},{"start":{"line":38,"column":8},"end":{"line":38,"column":8}}]},"3":{"line":44,"type":"if","locations":[{"start":{"line":44,"column":8},"end":{"line":44,"column":8}},{"start":{"line":44,"column":8},"end":{"line":44,"column":8}}]},"4":{"line":45,"type":"if","locations":[{"start":{"line":45,"column":8},"end":{"line":45,"column":8}},{"start":{"line":45,"column":8},"end":{"line":45,"column":8}}]},"5":{"line":46,"type":"if","locations":[{"start":{"line":46,"column":8},"end":{"line":46,"column":8}},{"start":{"line":46,"column":8},"end":{"line":46,"column":8}}]},"6":{"line":47,"type":"if","locations":[{"start":{"line":47,"column":8},"end":{"line":47,"column":8}},{"start":{"line":47,"column":8},"end":{"line":47,"column":8}}]},"7":{"line":50,"type":"if","locations":[{"start":{"line":50,"column":8},"end":{"line":50,"column":8}},{"start":{"line":50,"column":8},"end":{"line":50,"column":8}}]},"8":{"line":63,"type":"if","locations":[{"start":{"line":63,"column":8},"end":{"line":63,"column":8}},{"start":{"line":63,"column":8},"end":{"line":63,"column":8}}]},"9":{"line":64,"type":"if","locations":[{"start":{"line":64,"column":8},"end":{"line":64,"column":8}},{"start":{"line":64,"column":8},"end":{"line":64,"column":8}}]},"10":{"line":91,"type":"if","locations":[{"start":{"line":91,"column":8},"end":{"line":91,"column":8}},{"start":{"line":91,"column":8},"end":{"line":91,"column":8}}]},"11":{"line":92,"type":"if","locations":[{"start":{"line":92,"column":8},"end":{"line":92,"column":8}},{"start":{"line":92,"column":8},"end":{"line":92,"column":8}}]},"12":{"line":108,"type":"if","locations":[{"start":{"line":108,"column":8},"end":{"line":108,"column":8}},{"start":{"line":108,"column":8},"end":{"line":108,"column":8}}]},"13":{"line":109,"type":"if","locations":[{"start":{"line":109,"column":8},"end":{"line":109,"column":8}},{"start":{"line":109,"column":8},"end":{"line":109,"column":8}}]},"14":{"line":141,"type":"if","locations":[{"start":{"line":141,"column":8},"end":{"line":141,"column":8}},{"start":{"line":141,"column":8},"end":{"line":141,"column":8}}]},"15":{"line":155,"type":"if","locations":[{"start":{"line":155,"column":12},"end":{"line":155,"column":12}},{"start":{"line":155,"column":12},"end":{"line":155,"column":12}}]}}}}