TN:
SF:/Users/phyrex/Documents/git/portal.network/contracts/contracts/ERC20Interface.sol
FNF:0
FNH:0
LF:0
LH:0
BRF:0
BRH:0
end_of_record
TN:
SF:/Users/phyrex/Documents/git/portal.network/contracts/contracts/ERC20Token.sol
FN:19,
FN:33,name
FN:38,symbol
FN:43,decimals
FN:48,totalSupply
FN:53,balanceOf
FN:58,allowance
FN:63,transfer
FN:73,transferFrom
FN:84,approve
FNF:10
FNH:7
FNDA:2,
FNDA:1,name
FNDA:1,symbol
FNDA:1,decimals
FNDA:1,totalSupply
FNDA:47,balanceOf
FNDA:0,allowance
FNDA:36,transfer
FNDA:0,transferFrom
FNDA:0,approve
DA:20,2
DA:21,2
DA:22,2
DA:23,2
DA:26,2
DA:29,2
DA:34,1
DA:39,1
DA:44,1
DA:49,1
DA:54,47
DA:59,0
DA:64,36
DA:65,36
DA:67,36
DA:69,36
DA:74,0
DA:75,0
DA:76,0
DA:78,0
DA:80,0
DA:85,0
DA:87,0
DA:89,0
LF:24
LH:15
BRF:0
BRH:0
end_of_record
TN:
SF:/Users/phyrex/Documents/git/portal.network/contracts/contracts/Math.sol
FN:5,add
FN:14,sub
FN:21,mul
FN:30,div
FNF:4
FNH:2
FNDA:41,add
FNDA:41,sub
FNDA:0,mul
FNDA:0,div
DA:6,41
DA:8,41
DA:10,41
DA:15,41
DA:17,41
DA:22,0
DA:24,0
DA:26,0
DA:31,0
LF:9
LH:5
BRDA:8,1,0,41
BRDA:8,1,1,0
BRDA:15,2,0,41
BRDA:15,2,1,0
BRDA:24,3,0,0
BRDA:24,3,1,0
BRF:6
BRH:2
end_of_record
TN:
SF:/Users/phyrex/Documents/git/portal.network/contracts/contracts/Owned.sol
FN:13,
FN:19,onlyOwner
FN:25,isOwner
FN:30,initiateOwnershipTransfer
FN:43,cancelOwnershipTransfer
FN:56,completeOwnershipTransfer
FNF:6
FNH:3
FNDA:6,
FNDA:7,onlyOwner
FNDA:8,isOwner
FNDA:0,initiateOwnershipTransfer
FNDA:0,cancelOwnershipTransfer
FNDA:0,completeOwnershipTransfer
DA:15,6
DA:20,7
DA:21,7
DA:26,8
DA:31,0
DA:32,0
DA:33,0
DA:35,0
DA:37,0
DA:39,0
DA:44,0
DA:45,0
DA:48,0
DA:50,0
DA:52,0
DA:57,0
DA:59,0
DA:60,0
DA:62,0
DA:64,0
LF:20
LH:4
BRDA:20,1,0,7
BRDA:20,1,1,0
BRDA:31,2,0,0
BRDA:31,2,1,0
BRDA:32,3,0,0
BRDA:32,3,1,0
BRDA:33,4,0,0
BRDA:33,4,1,0
BRDA:44,5,0,0
BRDA:44,5,1,0
BRDA:57,6,0,0
BRDA:57,6,1,0
BRF:12
BRH:1
end_of_record
TN:
SF:/Users/phyrex/Documents/git/portal.network/contracts/contracts/PortalNetworkToken.sol
FN:29,
FN:51,onlyUniversalRegistrar
FN:62,transferToAuctionPool
FN:72,_transferToAuctionPool
FN:87,transferBackToOwner
FN:97,_transferBackToOwner
FN:115,transferWithMetadata
FN:134,_transferWithMetadata
FN:168,metadata
FN:180,upgradePRTAccrue
FN:195,upgradeUniversalRegistrar
FN:210,upgradeAuctionPool
FNF:12
FNH:12
FNDA:2,
FNDA:5,onlyUniversalRegistrar
FNDA:2,transferToAuctionPool
FNDA:2,_transferToAuctionPool
FNDA:2,transferBackToOwner
FNDA:2,_transferBackToOwner
FNDA:1,transferWithMetadata
FNDA:1,_transferWithMetadata
FNDA:1,metadata
FNDA:1,upgradePRTAccrue
FNDA:1,upgradeUniversalRegistrar
FNDA:1,upgradeAuctionPool
DA:32,2
DA:33,2
DA:34,2
DA:52,5
DA:53,5
DA:63,2
DA:73,2
DA:74,0
DA:76,2
DA:77,2
DA:78,2
DA:88,2
DA:98,2
DA:99,0
DA:101,2
DA:102,2
DA:103,2
DA:122,1
DA:142,1
DA:143,1
DA:145,1
DA:146,1
DA:147,1
DA:149,1
DA:150,1
DA:151,1
DA:152,1
DA:153,1
DA:154,1
DA:155,1
DA:157,1
DA:158,1
DA:159,1
DA:169,1
DA:170,1
DA:171,1
DA:172,1
DA:181,1
DA:182,1
DA:183,1
DA:185,1
DA:187,1
DA:196,1
DA:197,1
DA:198,1
DA:200,1
DA:202,1
DA:211,1
DA:212,1
DA:213,1
DA:215,1
DA:217,1
LF:52
LH:50
BRDA:52,1,0,5
BRDA:52,1,1,0
BRDA:73,2,0,0
BRDA:73,2,1,2
BRDA:98,3,0,0
BRDA:98,3,1,2
BRDA:181,4,0,1
BRDA:181,4,1,0
BRDA:182,5,0,1
BRDA:182,5,1,0
BRDA:183,6,0,1
BRDA:183,6,1,0
BRDA:196,7,0,1
BRDA:196,7,1,0
BRDA:197,8,0,1
BRDA:197,8,1,0
BRDA:198,9,0,1
BRDA:198,9,1,0
BRDA:211,10,0,1
BRDA:211,10,1,0
BRDA:212,11,0,1
BRDA:212,11,1,0
BRDA:213,12,0,1
BRDA:213,12,1,0
BRF:24
BRH:12
end_of_record
TN:
SF:/Users/phyrex/Documents/git/portal.network/contracts/contracts/PortalNetworkTokenConfig.sol
FNF:0
FNH:0
LF:0
LH:0
BRF:0
BRH:0
end_of_record
TN:
SF:/Users/phyrex/Documents/git/portal.network/contracts/contracts/regex/NameRegex.sol
FN:11,n0
FN:16,n1
FN:27,n2
FN:38,n3
FN:49,nameMatches
FNF:5
FNH:3
FNDA:0,n0
FNDA:25,n1
FNDA:0,n2
FNDA:128,n3
FNDA:25,nameMatches
DA:12,0
DA:13,0
DA:17,25
DA:18,1
DA:20,24
DA:21,24
DA:24,0
DA:28,0
DA:29,0
DA:31,0
DA:32,0
DA:35,0
DA:39,128
DA:40,0
DA:42,128
DA:43,128
DA:46,0
DA:50,25
DA:52,25
DA:53,153
DA:55,153
DA:58,25
LF:22
LH:12
BRDA:17,1,0,1
BRDA:17,1,1,24
BRDA:20,2,0,24
BRDA:20,2,1,0
BRDA:28,3,0,0
BRDA:28,3,1,0
BRDA:31,4,0,0
BRDA:31,4,1,0
BRDA:39,5,0,0
BRDA:39,5,1,128
BRDA:42,6,0,128
BRDA:42,6,1,0
BRF:12
BRH:5
end_of_record
TN:
SF:/Users/phyrex/Documents/git/portal.network/contracts/contracts/regex/ProtocolRegex.sol
FN:11,p0
FN:16,p1
FN:24,p2
FN:32,p3
FN:40,p4
FN:48,protocolMatches
FNF:6
FNH:4
FNDA:0,p0
FNDA:26,p1
FNDA:25,p2
FNDA:24,p3
FNDA:0,p4
FNDA:26,protocolMatches
DA:12,0
DA:13,0
DA:17,26
DA:18,26
DA:21,0
DA:25,25
DA:26,25
DA:29,0
DA:33,24
DA:34,24
DA:37,0
DA:41,0
DA:42,0
DA:45,0
DA:49,26
DA:51,26
DA:52,75
DA:54,75
DA:57,26
LF:19
LH:11
BRDA:17,1,0,26
BRDA:17,1,1,0
BRDA:25,2,0,25
BRDA:25,2,1,0
BRDA:33,3,0,24
BRDA:33,3,1,0
BRDA:41,4,0,0
BRDA:41,4,1,0
BRF:8
BRH:3
end_of_record
TN:
SF:/Users/phyrex/Documents/git/portal.network/contracts/contracts/Registry.sol
FNF:0
FNH:0
LF:0
LH:0
BRF:0
BRH:0
end_of_record
TN:
SF:/Users/phyrex/Documents/git/portal.network/contracts/contracts/strings.sol
FN:45,memcpy
FN:69,toSlice
FN:82,len
FN:115,toSliceB32
FN:131,copy
FN:140,toString
FN:157,len
FN:185,empty
FN:198,compare
FN:234,equals
FN:245,nextRune
FN:287,nextRune
FN:296,ord
FN:345,keccak
FN:357,startsWith
FN:383,beyond
FN:412,endsWith
FN:440,until
FN:464,findPtr
FN:505,rfindPtr
FN:551,find
FN:566,rfind
FN:582,split
FN:605,split
FN:619,rsplit
FN:641,rsplit
FN:651,count
FN:665,contains
FN:676,concat
FN:693,join
FNF:30
FNH:4
FNDA:112,memcpy
FNDA:179,toSlice
FNDA:0,len
FNDA:0,toSliceB32
FNDA:0,copy
FNDA:0,toString
FNDA:67,len
FNDA:0,empty
FNDA:0,compare
FNDA:0,equals
FNDA:0,nextRune
FNDA:0,nextRune
FNDA:0,ord
FNDA:0,keccak
FNDA:0,startsWith
FNDA:0,beyond
FNDA:0,endsWith
FNDA:0,until
FNDA:0,findPtr
FNDA:0,rfindPtr
FNDA:0,find
FNDA:0,rfind
FNDA:0,split
FNDA:0,split
FNDA:0,rsplit
FNDA:0,rsplit
FNDA:0,count
FNDA:0,contains
FNDA:56,concat
FNDA:0,join
DA:47,112
DA:48,0
DA:51,0
DA:52,0
DA:56,112
DA:57,112
DA:70,179
DA:71,179
DA:74,179
DA:83,0
DA:84,0
DA:85,0
DA:86,0
DA:87,0
DA:88,0
DA:90,0
DA:91,0
DA:92,0
DA:94,0
DA:95,0
DA:96,0
DA:98,0
DA:99,0
DA:100,0
DA:102,0
DA:103,0
DA:105,0
DA:117,0
DA:123,0
DA:132,0
DA:141,0
DA:142,0
DA:143,0
DA:145,0
DA:146,0
DA:159,67
DA:160,67
DA:161,67
DA:162,333
DA:163,333
DA:164,333
DA:165,333
DA:167,0
DA:169,0
DA:171,0
DA:173,0
DA:175,0
DA:186,0
DA:199,0
DA:200,0
DA:201,0
DA:203,0
DA:204,0
DA:205,0
DA:206,0
DA:207,0
DA:208,0
DA:212,0
DA:214,0
DA:215,0
DA:216,0
DA:218,0
DA:219,0
DA:220,0
DA:222,0
DA:223,0
DA:225,0
DA:235,0
DA:246,0
DA:248,0
DA:249,0
DA:250,0
DA:253,0
DA:254,0
DA:256,0
DA:257,0
DA:258,0
DA:260,0
DA:262,0
DA:264,0
DA:268,0
DA:269,0
DA:270,0
DA:271,0
DA:272,0
DA:275,0
DA:276,0
DA:277,0
DA:278,0
DA:288,0
DA:297,0
DA:298,0
DA:301,0
DA:302,0
DA:303,0
DA:306,0
DA:307,0
DA:308,0
DA:309,0
DA:310,0
DA:312,0
DA:313,0
DA:315,0
DA:316,0
DA:318,0
DA:319,0
DA:323,0
DA:324,0
DA:327,0
DA:328,0
DA:329,0
DA:330,0
DA:332,0
DA:334,0
DA:337,0
DA:346,0
DA:358,0
DA:359,0
DA:362,0
DA:363,0
DA:366,0
DA:367,0
DA:373,0
DA:384,0
DA:385,0
DA:388,0
DA:389,0
DA:390,0
DA:398,0
DA:399,0
DA:400,0
DA:403,0
DA:413,0
DA:414,0
DA:417,0
DA:419,0
DA:420,0
DA:423,0
DA:424,0
DA:430,0
DA:441,0
DA:442,0
DA:445,0
DA:446,0
DA:447,0
DA:448,0
DA:455,0
DA:456,0
DA:459,0
DA:465,0
DA:466,0
DA:468,0
DA:469,0
DA:470,0
DA:472,0
DA:473,0
DA:475,0
DA:476,0
DA:477,0
DA:479,0
DA:480,0
DA:481,0
DA:482,0
DA:483,0
DA:485,0
DA:488,0
DA:489,0
DA:491,0
DA:492,0
DA:493,0
DA:494,0
DA:495,0
DA:496,0
DA:500,0
DA:506,0
DA:508,0
DA:509,0
DA:510,0
DA:512,0
DA:513,0
DA:515,0
DA:516,0
DA:517,0
DA:519,0
DA:520,0
DA:521,0
DA:522,0
DA:523,0
DA:525,0
DA:528,0
DA:529,0
DA:530,0
DA:531,0
DA:532,0
DA:533,0
DA:534,0
DA:535,0
DA:536,0
DA:540,0
DA:552,0
DA:553,0
DA:554,0
DA:555,0
DA:567,0
DA:568,0
DA:569,0
DA:583,0
DA:584,0
DA:585,0
DA:586,0
DA:588,0
DA:590,0
DA:591,0
DA:593,0
DA:606,0
DA:620,0
DA:621,0
DA:622,0
DA:623,0
DA:625,0
DA:627,0
DA:629,0
DA:642,0
DA:652,0
DA:653,0
DA:654,0
DA:655,0
DA:666,0
DA:677,56
DA:678,56
DA:679,56
DA:680,56
DA:681,56
DA:682,56
DA:694,0
DA:695,0
DA:697,0
DA:698,0
DA:699,0
DA:701,0
DA:702,0
DA:703,0
DA:705,0
DA:706,0
DA:707,0
DA:708,0
DA:709,0
DA:710,0
DA:714,0
LF:249
LH:19
BRDA:84,1,0,0
BRDA:84,1,1,0
BRDA:86,2,0,0
BRDA:86,2,1,0
BRDA:90,3,0,0
BRDA:90,3,1,0
BRDA:94,4,0,0
BRDA:94,4,1,0
BRDA:98,5,0,0
BRDA:98,5,1,0
BRDA:102,6,0,0
BRDA:102,6,1,0
BRDA:164,7,0,333
BRDA:164,7,1,0
BRDA:166,8,0,0
BRDA:166,8,1,0
BRDA:168,9,0,0
BRDA:168,9,1,0
BRDA:170,10,0,0
BRDA:170,10,1,0
BRDA:172,11,0,0
BRDA:172,11,1,0
BRDA:200,12,0,0
BRDA:200,12,1,0
BRDA:212,13,0,0
BRDA:212,13,1,0
BRDA:215,14,0,0
BRDA:215,14,1,0
BRDA:219,15,0,0
BRDA:219,15,1,0
BRDA:248,16,0,0
BRDA:248,16,1,0
BRDA:257,17,0,0
BRDA:257,17,1,0
BRDA:259,18,0,0
BRDA:259,18,1,0
BRDA:261,19,0,0
BRDA:261,19,1,0
BRDA:268,20,0,0
BRDA:268,20,1,0
BRDA:297,21,0,0
BRDA:297,21,1,0
BRDA:308,22,0,0
BRDA:308,22,1,0
BRDA:311,23,0,0
BRDA:311,23,1,0
BRDA:314,24,0,0
BRDA:314,24,1,0
BRDA:323,25,0,0
BRDA:323,25,1,0
BRDA:330,26,0,0
BRDA:330,26,1,0
BRDA:358,27,0,0
BRDA:358,27,1,0
BRDA:362,28,0,0
BRDA:362,28,1,0
BRDA:384,29,0,0
BRDA:384,29,1,0
BRDA:389,30,0,0
BRDA:389,30,1,0
BRDA:398,31,0,0
BRDA:398,31,1,0
BRDA:413,32,0,0
BRDA:413,32,1,0
BRDA:419,33,0,0
BRDA:419,33,1,0
BRDA:441,34,0,0
BRDA:441,34,1,0
BRDA:447,35,0,0
BRDA:447,35,1,0
BRDA:455,36,0,0
BRDA:455,36,1,0
BRDA:468,37,0,0
BRDA:468,37,1,0
BRDA:469,38,0,0
BRDA:469,38,1,0
BRDA:480,39,0,0
BRDA:480,39,1,0
BRDA:494,40,0,0
BRDA:494,40,1,0
BRDA:508,41,0,0
BRDA:508,41,1,0
BRDA:509,42,0,0
BRDA:509,42,1,0
BRDA:520,43,0,0
BRDA:520,43,1,0
BRDA:534,44,0,0
BRDA:534,44,1,0
BRDA:586,45,0,0
BRDA:586,45,1,0
BRDA:623,46,0,0
BRDA:623,46,1,0
BRDA:694,47,0,0
BRDA:694,47,1,0
BRDA:708,48,0,0
BRDA:708,48,1,0
BRF:96
BRH:1
end_of_record
TN:
SF:/Users/phyrex/Documents/git/portal.network/contracts/contracts/UniversalRegistrar.sol
FN:48,
FN:58,onlyBnsOwner
FN:71,updatePortalNetworkTokenAddress
FN:88,startAuction
FN:99,_startAuction
FN:144,revealAuction
FN:196,finalizeAuction
FN:229,shaBid
FN:240,transfer
FN:264,entries
FN:284,state
FN:325,isAllowed
FN:337,getAllowedTime
FN:355,setProtocolEntry
FN:380,protocolEntries
FNF:15
FNH:15
FNDA:2,
FNDA:2,onlyBnsOwner
FNDA:1,updatePortalNetworkTokenAddress
FNDA:4,startAuction
FNDA:4,_startAuction
FNDA:2,revealAuction
FNDA:1,finalizeAuction
FNDA:5,shaBid
FNDA:1,transfer
FNDA:3,entries
FNDA:13,state
FNDA:13,isAllowed
FNDA:14,getAllowedTime
FNDA:1,setProtocolEntry
FNDA:1,protocolEntries
DA:49,2
DA:60,2
DA:61,2
DA:62,2
DA:63,2
DA:72,1
DA:73,1
DA:74,1
DA:76,1
DA:78,1
DA:89,4
DA:100,4
DA:101,4
DA:102,4
DA:103,4
DA:105,4
DA:107,4
DA:109,2
DA:111,2
DA:113,2
DA:114,2
DA:115,2
DA:117,2
DA:119,2
DA:120,2
DA:121,1
DA:122,1
DA:123,1
DA:124,1
DA:125,1
DA:126,1
DA:130,2
DA:133,2
DA:145,2
DA:146,2
DA:147,2
DA:148,2
DA:150,2
DA:152,2
DA:153,2
DA:154,2
DA:155,2
DA:156,2
DA:157,2
DA:159,2
DA:162,2
DA:163,2
DA:166,2
DA:167,2
DA:171,2
DA:172,0
DA:174,2
DA:175,1
DA:179,2
DA:180,2
DA:181,2
DA:183,2
DA:186,0
DA:198,1
DA:199,1
DA:200,1
DA:201,1
DA:202,1
DA:203,1
DA:204,1
DA:207,1
DA:208,0
DA:210,1
DA:214,1
DA:223,1
DA:226,1
DA:230,5
DA:242,1
DA:244,1
DA:245,1
DA:246,1
DA:247,1
DA:248,1
DA:249,1
DA:250,1
DA:251,1
DA:253,1
DA:254,1
DA:266,3
DA:268,3
DA:269,3
DA:270,3
DA:271,3
DA:272,3
DA:274,3
DA:275,3
DA:285,13
DA:286,13
DA:287,13
DA:288,13
DA:290,13
DA:292,13
DA:293,13
DA:295,13
DA:297,13
DA:300,2
DA:302,4
DA:303,1
DA:305,3
DA:308,7
DA:309,2
DA:311,5
DA:326,13
DA:338,14
DA:339,14
DA:340,14
DA:365,1
DA:366,1
DA:367,1
DA:368,1
DA:369,1
DA:370,1
DA:371,1
DA:372,1
DA:381,1
DA:382,1
DA:383,1
DA:384,1
LF:123
LH:120
BRDA:62,1,0,2
BRDA:62,1,1,0
BRDA:72,2,0,1
BRDA:72,2,1,0
BRDA:73,3,0,1
BRDA:73,3,1,0
BRDA:74,4,0,1
BRDA:74,4,1,0
BRDA:100,5,0,4
BRDA:100,5,1,0
BRDA:101,6,0,4
BRDA:101,6,1,0
BRDA:103,7,0,4
BRDA:103,7,1,0
BRDA:105,8,0,4
BRDA:105,8,1,0
BRDA:107,9,0,2
BRDA:107,9,1,2
BRDA:111,10,0,2
BRDA:111,10,1,0
BRDA:117,11,0,2
BRDA:117,11,1,0
BRDA:120,12,0,1
BRDA:120,12,1,1
BRDA:145,13,0,2
BRDA:145,13,1,0
BRDA:146,14,0,2
BRDA:146,14,1,0
BRDA:148,15,0,2
BRDA:148,15,1,0
BRDA:150,16,0,2
BRDA:150,16,1,0
BRDA:152,17,0,2
BRDA:152,17,1,0
BRDA:154,18,0,2
BRDA:154,18,1,0
BRDA:159,19,0,2
BRDA:159,19,1,0
BRDA:162,20,0,2
BRDA:162,20,1,0
BRDA:163,21,0,2
BRDA:163,21,1,0
BRDA:167,22,0,2
BRDA:167,22,1,0
BRDA:171,23,0,0
BRDA:171,23,1,2
BRDA:174,24,0,1
BRDA:174,24,1,1
BRDA:199,25,0,1
BRDA:199,25,1,0
BRDA:204,26,0,1
BRDA:204,26,1,0
BRDA:207,27,0,0
BRDA:207,27,1,1
BRDA:209,28,0,1
BRDA:209,28,1,0
BRDA:242,29,0,1
BRDA:242,29,1,0
BRDA:244,30,0,1
BRDA:244,30,1,0
BRDA:245,31,0,1
BRDA:245,31,1,0
BRDA:246,32,0,1
BRDA:246,32,1,0
BRDA:266,33,0,3
BRDA:266,33,1,0
BRDA:268,34,0,3
BRDA:268,34,1,0
BRDA:269,35,0,3
BRDA:269,35,1,0
BRDA:270,36,0,3
BRDA:270,36,1,0
BRDA:285,37,0,13
BRDA:285,37,1,0
BRDA:286,38,0,13
BRDA:286,38,1,0
BRDA:288,39,0,13
BRDA:288,39,1,0
BRDA:290,40,0,13
BRDA:290,40,1,0
BRDA:297,41,0,2
BRDA:297,41,1,11
BRDA:301,42,0,4
BRDA:301,42,1,7
BRDA:302,43,0,1
BRDA:302,43,1,3
BRDA:308,44,0,2
BRDA:308,44,1,5
BRDA:339,45,0,14
BRDA:339,45,1,0
BRDA:381,46,0,1
BRDA:381,46,1,0
BRDA:382,47,0,1
BRDA:382,47,1,0
BRF:94
BRH:54
end_of_record
TN:
SF:/Users/phyrex/Documents/git/portal.network/contracts/contracts/UniversalRegistry.sol
FN:29,
FN:36,onlyProtocolOwner
FN:42,onlyRegistrant
FN:62,setSubdomainRegistrant
FN:77,_setSubdomainRegistrant
FN:90,setRegistrant
FN:107,setTTL
FN:121,registrant
FN:130,ttl
FN:140,registerProtocol
FN:153,isProtocolAvailable
FNF:11
FNH:6
FNDA:2,
FNDA:2,onlyProtocolOwner
FNDA:0,onlyRegistrant
FNDA:0,setSubdomainRegistrant
FNDA:0,_setSubdomainRegistrant
FNDA:2,setRegistrant
FNDA:0,setTTL
FNDA:2,registrant
FNDA:0,ttl
FNDA:2,registerProtocol
FNDA:2,isProtocolAvailable
DA:37,2
DA:38,2
DA:39,2
DA:44,0
DA:45,0
DA:46,0
DA:47,0
DA:48,0
DA:49,0
DA:50,0
DA:51,0
DA:63,0
DA:64,0
DA:65,0
DA:66,0
DA:67,0
DA:78,0
DA:79,0
DA:80,0
DA:91,2
DA:92,2
DA:93,2
DA:94,2
DA:96,2
DA:97,2
DA:108,0
DA:109,0
DA:110,0
DA:111,0
DA:112,0
DA:113,0
DA:122,2
DA:131,0
DA:141,2
DA:142,2
DA:143,2
DA:145,2
DA:154,2
DA:155,2
DA:156,1
DA:159,1
LF:41
LH:18
BRDA:37,1,0,2
BRDA:37,1,1,0
BRDA:38,2,0,2
BRDA:38,2,1,0
BRDA:44,3,0,0
BRDA:44,3,1,0
BRDA:45,4,0,0
BRDA:45,4,1,0
BRDA:46,5,0,0
BRDA:46,5,1,0
BRDA:47,6,0,0
BRDA:47,6,1,0
BRDA:50,7,0,0
BRDA:50,7,1,0
BRDA:63,8,0,0
BRDA:63,8,1,0
BRDA:64,9,0,0
BRDA:64,9,1,0
BRDA:91,10,0,2
BRDA:91,10,1,0
BRDA:92,11,0,2
BRDA:92,11,1,0
BRDA:108,12,0,0
BRDA:108,12,1,0
BRDA:109,13,0,0
BRDA:109,13,1,0
BRDA:141,14,0,2
BRDA:141,14,1,0
BRDA:155,15,0,1
BRDA:155,15,1,1
BRF:30
BRH:7
end_of_record
